
> @task/backtester@0.0.0 build /home/nox/TASK/packages/backtester
> tsc

[96m../../apps/api/src/orders/orders.service.spec.ts[0m:[93m7[0m:[93m1[0m - [91merror[0m[90m TS2593: [0mCannot find name 'describe'. Do you need to install type definitions for a test runner? Try `npm i --save-dev @types/jest` or `npm i --save-dev @types/mocha` and then add 'jest' or 'mocha' to the types field in your tsconfig.

[7m7[0m describe('OrdersService', () => {
[7m [0m [91m~~~~~~~~[0m

[96m../../apps/api/src/orders/orders.service.spec.ts[0m:[93m15[0m:[93m19[0m - [91merror[0m[90m TS2708: [0mCannot use namespace 'jest' as a value.

[7m15[0m       findUnique: jest.fn(),
[7m  [0m [91m                  ~~~~[0m

[96m../../apps/api/src/orders/orders.service.spec.ts[0m:[93m18[0m:[93m15[0m - [91merror[0m[90m TS2708: [0mCannot use namespace 'jest' as a value.

[7m18[0m       create: jest.fn(),
[7m  [0m [91m              ~~~~[0m

[96m../../apps/api/src/orders/orders.service.spec.ts[0m:[93m21[0m:[93m15[0m - [91merror[0m[90m TS2708: [0mCannot use namespace 'jest' as a value.

[7m21[0m       create: jest.fn(),
[7m  [0m [91m              ~~~~[0m

[96m../../apps/api/src/orders/orders.service.spec.ts[0m:[93m24[0m:[93m18[0m - [91merror[0m[90m TS2708: [0mCannot use namespace 'jest' as a value.

[7m24[0m       findFirst: jest.fn(),
[7m  [0m [91m                 ~~~~[0m

[96m../../apps/api/src/orders/orders.service.spec.ts[0m:[93m25[0m:[93m15[0m - [91merror[0m[90m TS2708: [0mCannot use namespace 'jest' as a value.

[7m25[0m       create: jest.fn(),
[7m  [0m [91m              ~~~~[0m

[96m../../apps/api/src/orders/orders.service.spec.ts[0m:[93m26[0m:[93m15[0m - [91merror[0m[90m TS2708: [0mCannot use namespace 'jest' as a value.

[7m26[0m       update: jest.fn(),
[7m  [0m [91m              ~~~~[0m

[96m../../apps/api/src/orders/orders.service.spec.ts[0m:[93m29[0m:[93m18[0m - [91merror[0m[90m TS2708: [0mCannot use namespace 'jest' as a value.

[7m29[0m       findFirst: jest.fn(),
[7m  [0m [91m                 ~~~~[0m

[96m../../apps/api/src/orders/orders.service.spec.ts[0m:[93m30[0m:[93m15[0m - [91merror[0m[90m TS2708: [0mCannot use namespace 'jest' as a value.

[7m30[0m       create: jest.fn(),
[7m  [0m [91m              ~~~~[0m

[96m../../apps/api/src/orders/orders.service.spec.ts[0m:[93m31[0m:[93m15[0m - [91merror[0m[90m TS2708: [0mCannot use namespace 'jest' as a value.

[7m31[0m       update: jest.fn(),
[7m  [0m [91m              ~~~~[0m

[96m../../apps/api/src/orders/orders.service.spec.ts[0m:[93m36[0m:[93m13[0m - [91merror[0m[90m TS2708: [0mCannot use namespace 'jest' as a value.

[7m36[0m     record: jest.fn(),
[7m  [0m [91m            ~~~~[0m

[96m../../apps/api/src/orders/orders.service.spec.ts[0m:[93m40[0m:[93m25[0m - [91merror[0m[90m TS2708: [0mCannot use namespace 'jest' as a value.

[7m40[0m     recordFillAsLedger: jest.fn(),
[7m  [0m [91m                        ~~~~[0m

[96m../../apps/api/src/orders/orders.service.spec.ts[0m:[93m43[0m:[93m3[0m - [91merror[0m[90m TS2304: [0mCannot find name 'beforeEach'.

[7m43[0m   beforeEach(async () => {
[7m  [0m [91m  ~~~~~~~~~~[0m

[96m../../apps/api/src/orders/orders.service.spec.ts[0m:[93m68[0m:[93m3[0m - [91merror[0m[90m TS2593: [0mCannot find name 'it'. Do you need to install type definitions for a test runner? Try `npm i --save-dev @types/jest` or `npm i --save-dev @types/mocha` and then add 'jest' or 'mocha' to the types field in your tsconfig.

[7m68[0m   it('should be defined', () => {
[7m  [0m [91m  ~~[0m

[96m../../apps/api/src/orders/orders.service.spec.ts[0m:[93m69[0m:[93m5[0m - [91merror[0m[90m TS2304: [0mCannot find name 'expect'.

[7m69[0m     expect(service).toBeDefined();
[7m  [0m [91m    ~~~~~~[0m

[96m../../apps/api/src/orders/orders.service.spec.ts[0m:[93m72[0m:[93m3[0m - [91merror[0m[90m TS2593: [0mCannot find name 'describe'. Do you need to install type definitions for a test runner? Try `npm i --save-dev @types/jest` or `npm i --save-dev @types/mocha` and then add 'jest' or 'mocha' to the types field in your tsconfig.

[7m72[0m   describe('placeOrder', () => {
[7m  [0m [91m  ~~~~~~~~[0m

[96m../../apps/api/src/orders/orders.service.spec.ts[0m:[93m81[0m:[93m5[0m - [91merror[0m[90m TS2593: [0mCannot find name 'it'. Do you need to install type definitions for a test runner? Try `npm i --save-dev @types/jest` or `npm i --save-dev @types/mocha` and then add 'jest' or 'mocha' to the types field in your tsconfig.

[7m81[0m     it('should place order successfully', async () => {
[7m  [0m [91m    ~~[0m

[96m../../apps/api/src/orders/orders.service.spec.ts[0m:[93m103[0m:[93m7[0m - [91merror[0m[90m TS2304: [0mCannot find name 'expect'.

[7m103[0m       expect(result).toEqual({
[7m   [0m [91m      ~~~~~~[0m

[96m../../apps/api/src/orders/orders.service.spec.ts[0m:[93m108[0m:[93m7[0m - [91merror[0m[90m TS2304: [0mCannot find name 'expect'.

[7m108[0m       expect(mockPrisma.account.findUnique).toHaveBeenCalledWith({
[7m   [0m [91m      ~~~~~~[0m

[96m../../apps/api/src/orders/orders.service.spec.ts[0m:[93m112[0m:[93m7[0m - [91merror[0m[90m TS2304: [0mCannot find name 'expect'.

[7m112[0m       expect(mockPrisma.order.create).toHaveBeenCalledWith({
[7m   [0m [91m      ~~~~~~[0m

[96m../../apps/api/src/orders/orders.service.spec.ts[0m:[93m123[0m:[93m7[0m - [91merror[0m[90m TS2304: [0mCannot find name 'expect'.

[7m123[0m       expect(mockLedger.recordFillAsLedger).toHaveBeenCalledWith(mockFill.id);
[7m   [0m [91m      ~~~~~~[0m

[96m../../apps/api/src/orders/orders.service.spec.ts[0m:[93m124[0m:[93m7[0m - [91merror[0m[90m TS2304: [0mCannot find name 'expect'.

[7m124[0m       expect(mockAudit.record).toHaveBeenCalledWith('user-123', 'user', 'order.placed', {
[7m   [0m [91m      ~~~~~~[0m

[96m../../apps/api/src/orders/orders.service.spec.ts[0m:[93m130[0m:[93m5[0m - [91merror[0m[90m TS2593: [0mCannot find name 'it'. Do you need to install type definitions for a test runner? Try `npm i --save-dev @types/jest` or `npm i --save-dev @types/mocha` and then add 'jest' or 'mocha' to the types field in your tsconfig.

[7m130[0m     it('should throw NotFoundException if account does not exist', async () => {
[7m   [0m [91m    ~~[0m

[96m../../apps/api/src/orders/orders.service.spec.ts[0m:[93m133[0m:[93m13[0m - [91merror[0m[90m TS2304: [0mCannot find name 'expect'.

[7m133[0m       await expect(service.placeOrder(createOrderDto)).rejects.toThrow('account not found');
[7m   [0m [91m            ~~~~~~[0m

[96m../../apps/api/src/orders/orders.service.spec.ts[0m:[93m136[0m:[93m5[0m - [91merror[0m[90m TS2593: [0mCannot find name 'it'. Do you need to install type definitions for a test runner? Try `npm i --save-dev @types/jest` or `npm i --save-dev @types/mocha` and then add 'jest' or 'mocha' to the types field in your tsconfig.

[7m136[0m     it('should handle existing position correctly', async () => {
[7m   [0m [91m    ~~[0m

[96m../../apps/api/src/orders/orders.service.spec.ts[0m:[93m157[0m:[93m7[0m - [91merror[0m[90m TS2304: [0mCannot find name 'expect'.

[7m157[0m       expect(mockPrisma.position.update).toHaveBeenCalledWith({
[7m   [0m [91m      ~~~~~~[0m

[96m../../apps/api/src/orders/orders.service.spec.ts[0m:[93m161[0m:[93m21[0m - [91merror[0m[90m TS2304: [0mCannot find name 'expect'.

[7m161[0m           avgPrice: expect.any(Number), // weighted average
[7m   [0m [91m                    ~~~~~~[0m

[96m../../apps/api/src/orders/orders.service.spec.ts[0m:[93m165[0m:[93m7[0m - [91merror[0m[90m TS2304: [0mCannot find name 'expect'.

[7m165[0m       expect(mockPrisma.balance.update).toHaveBeenCalledWith({
[7m   [0m [91m      ~~~~~~[0m

[96m../../apps/worker/src/processors/notify.processor.ts[0m:[93m5[0m:[93m13[0m - [91merror[0m[90m TS2339: [0mProperty 'message' does not exist on type '{}'.

[7m5[0m     const { message, recipients } = job.data || {};
[7m [0m [91m            ~~~~~~~[0m

[96m../../apps/worker/src/processors/notify.processor.ts[0m:[93m5[0m:[93m22[0m - [91merror[0m[90m TS2339: [0mProperty 'recipients' does not exist on type '{}'.

[7m5[0m     const { message, recipients } = job.data || {};
[7m [0m [91m                     ~~~~~~~~~~[0m

[96m../../apps/worker/src/processors/pnl.processor.ts[0m:[93m6[0m:[93m13[0m - [91merror[0m[90m TS2339: [0mProperty 'accountId' does not exist on type '{}'.

[7m6[0m     const { accountId } = job.data || {};
[7m [0m [91m            ~~~~~~~~~[0m

[96m../../apps/worker/src/processors/start-bot.processor.ts[0m:[93m5[0m:[93m13[0m - [91merror[0m[90m TS2339: [0mProperty 'botId' does not exist on type '{}'.

[7m5[0m     const { botId } = job.data || {};
[7m [0m [91m            ~~~~~[0m

[96m../../apps/worker/src/processors/stop-bot.processor.ts[0m:[93m5[0m:[93m13[0m - [91merror[0m[90m TS2339: [0mProperty 'botId' does not exist on type '{}'.

[7m5[0m     const { botId } = job.data || {};
[7m [0m [91m            ~~~~~[0m

[96m../../crypto_bot/apps/api/prisma/config.ts[0m:[93m1[0m:[93m30[0m - [91merror[0m[90m TS2307: [0mCannot find module '@prisma/client' or its corresponding type declarations.

[7m1[0m import { PrismaConfig } from "@prisma/client";
[7m [0m [91m                             ~~~~~~~~~~~~~~~~[0m

[96m../../crypto_bot/apps/api/prisma/seed.ts[0m:[93m1[0m:[93m30[0m - [91merror[0m[90m TS2307: [0mCannot find module '@prisma/client' or its corresponding type declarations.

[7m1[0m import { PrismaClient } from '@prisma/client';
[7m [0m [91m                             ~~~~~~~~~~~~~~~~[0m

[96m../../crypto_bot/apps/api/src/app.module.ts[0m:[93m1[0m:[93m24[0m - [91merror[0m[90m TS2307: [0mCannot find module '@nestjs/common' or its corresponding type declarations.

[7m1[0m import { Module } from '@nestjs/common';
[7m [0m [91m                       ~~~~~~~~~~~~~~~~[0m

[96m../../crypto_bot/apps/api/src/audit/audit.module.ts[0m:[93m1[0m:[93m24[0m - [91merror[0m[90m TS2307: [0mCannot find module '@nestjs/common' or its corresponding type declarations.

[7m1[0m import { Module } from '@nestjs/common';
[7m [0m [91m                       ~~~~~~~~~~~~~~~~[0m

[96m../../crypto_bot/apps/api/src/audit/audit.service.ts[0m:[93m1[0m:[93m28[0m - [91merror[0m[90m TS2307: [0mCannot find module '@nestjs/common' or its corresponding type declarations.

[7m1[0m import { Injectable } from '@nestjs/common';
[7m [0m [91m                           ~~~~~~~~~~~~~~~~[0m

[96m../../crypto_bot/apps/api/src/audit/audit.service.ts[0m:[93m9[0m:[93m24[0m - [91merror[0m[90m TS2339: [0mProperty 'auditEvent' does not exist on type 'PrismaService'.

[7m9[0m     return this.prisma.auditEvent.create({
[7m [0m [91m                       ~~~~~~~~~~[0m

[96m../../crypto_bot/apps/api/src/auth/auth.controller.ts[0m:[93m1[0m:[93m50[0m - [91merror[0m[90m TS2307: [0mCannot find module '@nestjs/common' or its corresponding type declarations.

[7m1[0m import { Body, Controller, HttpCode, Post } from '@nestjs/common';
[7m [0m [91m                                                 ~~~~~~~~~~~~~~~~[0m

[96m../../crypto_bot/apps/api/src/auth/auth.module.ts[0m:[93m1[0m:[93m24[0m - [91merror[0m[90m TS2307: [0mCannot find module '@nestjs/common' or its corresponding type declarations.

[7m1[0m import { Module } from '@nestjs/common';
[7m [0m [91m                       ~~~~~~~~~~~~~~~~[0m

[96m../../crypto_bot/apps/api/src/auth/auth.module.ts[0m:[93m4[0m:[93m27[0m - [91merror[0m[90m TS2307: [0mCannot find module '@nestjs/jwt' or its corresponding type declarations.

[7m4[0m import { JwtModule } from '@nestjs/jwt';
[7m [0m [91m                          ~~~~~~~~~~~~~[0m

[96m../../crypto_bot/apps/api/src/auth/auth.service.ts[0m:[93m1[0m:[93m51[0m - [91merror[0m[90m TS2307: [0mCannot find module '@nestjs/common' or its corresponding type declarations.

[7m1[0m import { Injectable, UnauthorizedException } from '@nestjs/common';
[7m [0m [91m                                                  ~~~~~~~~~~~~~~~~[0m

[96m../../crypto_bot/apps/api/src/auth/auth.service.ts[0m:[93m3[0m:[93m28[0m - [91merror[0m[90m TS2307: [0mCannot find module '@nestjs/jwt' or its corresponding type declarations.

[7m3[0m import { JwtService } from '@nestjs/jwt';
[7m [0m [91m                           ~~~~~~~~~~~~~[0m

[96m../../crypto_bot/apps/api/src/auth/auth.service.ts[0m:[93m24[0m:[93m39[0m - [91merror[0m[90m TS2339: [0mProperty 'session' does not exist on type 'PrismaService'.

[7m24[0m     const session = await this.prisma.session.create({
[7m  [0m [91m                                      ~~~~~~~[0m

[96m../../crypto_bot/apps/api/src/auth/dto/login.dto.ts[0m:[93m1[0m:[93m58[0m - [91merror[0m[90m TS2307: [0mCannot find module 'class-validator' or its corresponding type declarations.

[7m1[0m import { IsEmail, IsNotEmpty, IsString, MinLength } from "class-validator";
[7m [0m [91m                                                         ~~~~~~~~~~~~~~~~~[0m

[96m../../crypto_bot/apps/api/src/auth/jwt-auth.guard.ts[0m:[93m1[0m:[93m59[0m - [91merror[0m[90m TS2307: [0mCannot find module '@nestjs/common' or its corresponding type declarations.

[7m1[0m import { Injectable, CanActivate, ExecutionContext } from '@nestjs/common';
[7m [0m [91m                                                          ~~~~~~~~~~~~~~~~[0m

[96m../../crypto_bot/apps/api/src/auth/jwt-auth.guard.ts[0m:[93m2[0m:[93m28[0m - [91merror[0m[90m TS2307: [0mCannot find module '@nestjs/jwt' or its corresponding type declarations.

[7m2[0m import { JwtService } from '@nestjs/jwt';
[7m [0m [91m                           ~~~~~~~~~~~~~[0m

[96m../../crypto_bot/apps/api/src/backtest/backtest.controller.ts[0m:[93m1[0m:[93m57[0m - [91merror[0m[90m TS2307: [0mCannot find module '@nestjs/common' or its corresponding type declarations.

[7m1[0m import { Body, Controller, Get, Param, Post, Res } from "@nestjs/common";
[7m [0m [91m                                                        ~~~~~~~~~~~~~~~~[0m

[96m../../crypto_bot/apps/api/src/backtest/backtest.controller.ts[0m:[93m2[0m:[93m31[0m - [91merror[0m[90m TS2307: [0mCannot find module 'express' or its corresponding type declarations.

[7m2[0m import type { Response } from "express";
[7m [0m [91m                              ~~~~~~~~~[0m

[96m../../crypto_bot/apps/api/src/backtest/backtest.controller.ts[0m:[93m44[0m:[93m35[0m - [91merror[0m[90m TS2339: [0mProperty 'backtestRun' does not exist on type 'PrismaService'.

[7m44[0m     const run = await this.prisma.backtestRun.findUnique({
[7m  [0m [91m                                  ~~~~~~~~~~~[0m

[96m../../crypto_bot/apps/api/src/backtest/backtest.module.ts[0m:[93m1[0m:[93m24[0m - [91merror[0m[90m TS2307: [0mCannot find module '@nestjs/common' or its corresponding type declarations.

[7m1[0m import { Module } from "@nestjs/common";
[7m [0m [91m                       ~~~~~~~~~~~~~~~~[0m

[96m../../crypto_bot/apps/api/src/backtest/backtest.service.ts[0m:[93m1[0m:[93m28[0m - [91merror[0m[90m TS2307: [0mCannot find module '@nestjs/common' or its corresponding type declarations.

[7m1[0m import { Injectable } from '@nestjs/common';
[7m [0m [91m                           ~~~~~~~~~~~~~~~~[0m

[96m../../crypto_bot/apps/api/src/backtest/reporting.service.ts[0m:[93m8[0m:[93m35[0m - [91merror[0m[90m TS2339: [0mProperty 'backtestRun' does not exist on type 'PrismaService'.

[7m8[0m     const run = await this.prisma.backtestRun.findUnique({
[7m [0m [91m                                  ~~~~~~~~~~~[0m

[96m../../crypto_bot/apps/api/src/backtest/reporting.service.ts[0m:[93m102[0m:[93m35[0m - [91merror[0m[90m TS2339: [0mProperty 'backtestRun' does not exist on type 'PrismaService'.

[7m102[0m     const run = await this.prisma.backtestRun.findUnique({
[7m   [0m [91m                                  ~~~~~~~~~~~[0m

[96m../../crypto_bot/apps/api/src/backtest/reporting.service.ts[0m:[93m118[0m:[93m35[0m - [91merror[0m[90m TS2339: [0mProperty 'backtestRun' does not exist on type 'PrismaService'.

[7m118[0m     const run = await this.prisma.backtestRun.findUnique({
[7m   [0m [91m                                  ~~~~~~~~~~~[0m

[96m../../crypto_bot/apps/api/src/bots/bots.controller.ts[0m:[93m1[0m:[93m66[0m - [91merror[0m[90m TS2307: [0mCannot find module '@nestjs/common' or its corresponding type declarations.

[7m1[0m import { Body, Controller, Get, Param, Post, Patch, Query } from '@nestjs/common';
[7m [0m [91m                                                                 ~~~~~~~~~~~~~~~~[0m

[96m../../crypto_bot/apps/api/src/bots/bots.module.ts[0m:[93m1[0m:[93m24[0m - [91merror[0m[90m TS2307: [0mCannot find module '@nestjs/common' or its corresponding type declarations.

[7m1[0m import { Module } from '@nestjs/common';
[7m [0m [91m                       ~~~~~~~~~~~~~~~~[0m

[96m../../crypto_bot/apps/api/src/bots/bots.service.ts[0m:[93m6[0m:[93m8[0m - [91merror[0m[90m TS2307: [0mCannot find module '@nestjs/common' or its corresponding type declarations.

[7m6[0m } from "@nestjs/common";
[7m [0m [91m       ~~~~~~~~~~~~~~~~[0m

[96m../../crypto_bot/apps/api/src/bots/bots.service.ts[0m:[93m108[0m:[93m40[0m - [91merror[0m[90m TS2339: [0mProperty 'strategy' does not exist on type 'PrismaService'.

[7m108[0m     const strategy = await this.prisma.strategy.findUnique({
[7m   [0m [91m                                       ~~~~~~~~[0m

[96m../../crypto_bot/apps/api/src/bots/bots.service.ts[0m:[93m121[0m:[93m35[0m - [91merror[0m[90m TS2339: [0mProperty 'bot' does not exist on type 'PrismaService'.

[7m121[0m     const bot = await this.prisma.bot.create({
[7m   [0m [91m                                  ~~~[0m

[96m../../crypto_bot/apps/api/src/bots/bots.service.ts[0m:[93m215[0m:[93m36[0m - [91merror[0m[90m TS2339: [0mProperty 'bot' does not exist on type 'PrismaService'.

[7m215[0m     const bots = await this.prisma.bot.findMany({
[7m   [0m [91m                                   ~~~[0m

[96m../../crypto_bot/apps/api/src/bots/bots.service.ts[0m:[93m233[0m:[93m22[0m - [91merror[0m[90m TS7006: [0mParameter 'bot' implicitly has an 'any' type.

[7m233[0m     return bots.map((bot) => ({
[7m   [0m [91m                     ~~~[0m

[96m../../crypto_bot/apps/api/src/bots/bots.service.ts[0m:[93m241[0m:[93m35[0m - [91merror[0m[90m TS2339: [0mProperty 'bot' does not exist on type 'PrismaService'.

[7m241[0m     const bot = await this.prisma.bot.findUnique({
[7m   [0m [91m                                  ~~~[0m

[96m../../crypto_bot/apps/api/src/bots/bots.service.ts[0m:[93m271[0m:[93m24[0m - [91merror[0m[90m TS2339: [0mProperty 'bot' does not exist on type 'PrismaService'.

[7m271[0m     return this.prisma.bot.update({ where: { id }, data: dto });
[7m   [0m [91m                       ~~~[0m

[96m../../crypto_bot/apps/api/src/bots/bots.service.ts[0m:[93m289[0m:[93m35[0m - [91merror[0m[90m TS2339: [0mProperty 'botRun' does not exist on type 'PrismaService'.

[7m289[0m     const run = await this.prisma.botRun.create({
[7m   [0m [91m                                  ~~~~~~[0m

[96m../../crypto_bot/apps/api/src/bots/bots.service.ts[0m:[93m302[0m:[93m23[0m - [91merror[0m[90m TS2339: [0mProperty 'bot' does not exist on type 'PrismaService'.

[7m302[0m     await this.prisma.bot.update({
[7m   [0m [91m                      ~~~[0m

[96m../../crypto_bot/apps/api/src/bots/bots.service.ts[0m:[93m361[0m:[93m35[0m - [91merror[0m[90m TS2339: [0mProperty 'botRun' does not exist on type 'PrismaService'.

[7m361[0m     const run = await this.prisma.botRun.findFirst({
[7m   [0m [91m                                  ~~~~~~[0m

[96m../../crypto_bot/apps/api/src/bots/bots.service.ts[0m:[93m367[0m:[93m25[0m - [91merror[0m[90m TS2339: [0mProperty 'botRun' does not exist on type 'PrismaService'.

[7m367[0m       await this.prisma.botRun.update({
[7m   [0m [91m                        ~~~~~~[0m

[96m../../crypto_bot/apps/api/src/bots/bots.service.ts[0m:[93m391[0m:[93m23[0m - [91merror[0m[90m TS2339: [0mProperty 'bot' does not exist on type 'PrismaService'.

[7m391[0m     await this.prisma.bot.update({
[7m   [0m [91m                      ~~~[0m

[96m../../crypto_bot/apps/api/src/bots/bots.service.ts[0m:[93m572[0m:[93m42[0m - [91merror[0m[90m TS2339: [0mProperty 'strategy' does not exist on type 'PrismaService'.

[7m572[0m       const strategy = await this.prisma.strategy.findUnique({
[7m   [0m [91m                                         ~~~~~~~~[0m

[96m../../crypto_bot/apps/api/src/bots/bots.service.ts[0m:[93m637[0m:[93m9[0m - [91merror[0m[90m TS2353: [0mObject literal may only specify known properties, and 'quantity' does not exist in type 'CreateOrderDto'.

[7m637[0m         quantity: signal.quantity,
[7m   [0m [91m        ~~~~~~~~[0m

[96m../../crypto_bot/apps/api/src/bots/bots.service.ts[0m:[93m646[0m:[93m35[0m - [91merror[0m[90m TS2304: [0mCannot find name 'context'.

[7m646[0m             signal.price * (1 - ((context.config as any).stopLoss || 0.02)) :
[7m   [0m [91m                                  ~~~~~~~[0m

[96m../../crypto_bot/apps/api/src/bots/bots.service.ts[0m:[93m647[0m:[93m35[0m - [91merror[0m[90m TS2304: [0mCannot find name 'context'.

[7m647[0m             signal.price * (1 + ((context.config as any).stopLoss || 0.02)),
[7m   [0m [91m                                  ~~~~~~~[0m

[96m../../crypto_bot/apps/api/src/bots/bots.service.ts[0m:[93m649[0m:[93m35[0m - [91merror[0m[90m TS2304: [0mCannot find name 'context'.

[7m649[0m             signal.price * (1 + ((context.config as any).takeProfit || 0.04)) :
[7m   [0m [91m                                  ~~~~~~~[0m

[96m../../crypto_bot/apps/api/src/bots/bots.service.ts[0m:[93m650[0m:[93m35[0m - [91merror[0m[90m TS2304: [0mCannot find name 'context'.

[7m650[0m             signal.price * (1 - ((context.config as any).takeProfit || 0.04)),
[7m   [0m [91m                                  ~~~~~~~[0m

[96m../../crypto_bot/apps/api/src/bots/bots.service.ts[0m:[93m1086[0m:[93m9[0m - [91merror[0m[90m TS2820: [0mType '"MARKET"' is not assignable to type '"limit" | "market" | undefined'. Did you mean '"market"'?

[7m1086[0m         type: signal.type === 'BUY' ? 'MARKET' : 'MARKET',
[7m    [0m [91m        ~~~~[0m

  [96m../../crypto_bot/apps/api/src/orders/dto/create-order.dto.ts[0m:[93m26[0m:[93m3[0m
    [7m26[0m   type?: "market" | "limit";
    [7m  [0m [96m  ~~~~[0m
    The expected type comes from property 'type' which is declared here on type 'CreateOrderDto'

[96m../../crypto_bot/apps/api/src/bots/bots.service.ts[0m:[93m1087[0m:[93m9[0m - [91merror[0m[90m TS2322: [0mType '"BUY" | "SELL" | "CLOSE"' is not assignable to type '"buy" | "sell"'.
  Type '"BUY"' is not assignable to type '"buy" | "sell"'. Did you mean '"buy"'?

[7m1087[0m         side: signal.type,
[7m    [0m [91m        ~~~~[0m

  [96m../../crypto_bot/apps/api/src/orders/dto/create-order.dto.ts[0m:[93m15[0m:[93m3[0m
    [7m15[0m   side!: "buy" | "sell";
    [7m  [0m [96m  ~~~~[0m
    The expected type comes from property 'side' which is declared here on type 'CreateOrderDto'

[96m../../crypto_bot/apps/api/src/bots/bots.service.ts[0m:[93m1246[0m:[93m11[0m - [91merror[0m[90m TS2353: [0mObject literal may only specify known properties, and 'quantity' does not exist in type 'CreateOrderDto'.

[7m1246[0m           quantity: (position as any).quantity,
[7m    [0m [91m          ~~~~~~~~[0m

[96m../../crypto_bot/apps/api/src/bots/dto/create-bot.dto.ts[0m:[93m1[0m:[93m56[0m - [91merror[0m[90m TS2307: [0mCannot find module 'class-validator' or its corresponding type declarations.

[7m1[0m import { IsEnum, IsNumber, IsOptional, IsString } from "class-validator";
[7m [0m [91m                                                       ~~~~~~~~~~~~~~~~~[0m

[96m../../crypto_bot/apps/api/src/bots/dto/update-bot.dto.ts[0m:[93m1[0m:[93m50[0m - [91merror[0m[90m TS2307: [0mCannot find module 'class-validator' or its corresponding type declarations.

[7m1[0m import { IsOptional, IsString, IsNotEmpty } from 'class-validator';
[7m [0m [91m                                                 ~~~~~~~~~~~~~~~~~[0m

[96m../../crypto_bot/apps/api/src/config/config.service.ts[0m:[93m1[0m:[93m28[0m - [91merror[0m[90m TS2307: [0mCannot find module '@nestjs/common' or its corresponding type declarations.

[7m1[0m import { Injectable } from '@nestjs/common'
[7m [0m [91m                           ~~~~~~~~~~~~~~~~[0m

[96m../../crypto_bot/apps/api/src/config/config.service.ts[0m:[93m2[0m:[93m52[0m - [91merror[0m[90m TS2307: [0mCannot find module '@nestjs/config' or its corresponding type declarations.

[7m2[0m import { ConfigService as NestConfigService } from '@nestjs/config'
[7m [0m [91m                                                   ~~~~~~~~~~~~~~~~[0m

[96m../../crypto_bot/apps/api/src/config/config.service.ts[0m:[93m119[0m:[93m7[0m - [91merror[0m[90m TS2353: [0mObject literal may only specify known properties, and 'EXCHANGE_API_KEY' does not exist in type 'Partial<AppConfig>'.

[7m119[0m       EXCHANGE_API_KEY: this.exchangeApiKey,
[7m   [0m [91m      ~~~~~~~~~~~~~~~~[0m

[96m../../crypto_bot/apps/api/src/exchanges/exchange-config.service.ts[0m:[93m1[0m:[93m28[0m - [91merror[0m[90m TS2307: [0mCannot find module '@nestjs/common' or its corresponding type declarations.

[7m1[0m import { Injectable } from '@nestjs/common';
[7m [0m [91m                           ~~~~~~~~~~~~~~~~[0m

[96m../../crypto_bot/apps/api/src/exchanges/exchange-config.service.ts[0m:[93m2[0m:[93m31[0m - [91merror[0m[90m TS2307: [0mCannot find module '@nestjs/config' or its corresponding type declarations.

[7m2[0m import { ConfigService } from '@nestjs/config';
[7m [0m [91m                              ~~~~~~~~~~~~~~~~[0m

[96m../../crypto_bot/apps/api/src/exchanges/exchanges.controller.ts[0m:[93m1[0m:[93m63[0m - [91merror[0m[90m TS2307: [0mCannot find module '@nestjs/common' or its corresponding type declarations.

[7m1[0m import { Body, Controller, Get, Param, Post, UseGuards } from '@nestjs/common'
[7m [0m [91m                                                              ~~~~~~~~~~~~~~~~[0m

[96m../../crypto_bot/apps/api/src/exchanges/exchanges.module.ts[0m:[93m1[0m:[93m24[0m - [91merror[0m[90m TS2307: [0mCannot find module '@nestjs/common' or its corresponding type declarations.

[7m1[0m import { Module } from '@nestjs/common'
[7m [0m [91m                       ~~~~~~~~~~~~~~~~[0m

[96m../../crypto_bot/apps/api/src/exchanges/exchanges.service.ts[0m:[93m1[0m:[93m28[0m - [91merror[0m[90m TS2307: [0mCannot find module '@nestjs/common' or its corresponding type declarations.

[7m1[0m import { Injectable } from '@nestjs/common'
[7m [0m [91m                           ~~~~~~~~~~~~~~~~[0m

[96m../../crypto_bot/apps/api/src/exchanges/real-trading.controller.ts[0m:[93m1[0m:[93m71[0m - [91merror[0m[90m TS2307: [0mCannot find module '@nestjs/common' or its corresponding type declarations.

[7m1[0m import { Body, Controller, Delete, Get, Param, Post, UseGuards } from '@nestjs/common';
[7m [0m [91m                                                                      ~~~~~~~~~~~~~~~~[0m

[96m../../crypto_bot/apps/api/src/exchanges/real-trading.module.ts[0m:[93m1[0m:[93m24[0m - [91merror[0m[90m TS2307: [0mCannot find module '@nestjs/common' or its corresponding type declarations.

[7m1[0m import { Module } from '@nestjs/common';
[7m [0m [91m                       ~~~~~~~~~~~~~~~~[0m

[96m../../crypto_bot/apps/api/src/exchanges/real-trading.module.ts[0m:[93m2[0m:[93m30[0m - [91merror[0m[90m TS2307: [0mCannot find module '@nestjs/config' or its corresponding type declarations.

[7m2[0m import { ConfigModule } from '@nestjs/config';
[7m [0m [91m                             ~~~~~~~~~~~~~~~~[0m

[96m../../crypto_bot/apps/api/src/exchanges/real-trading.service.ts[0m:[93m1[0m:[93m36[0m - [91merror[0m[90m TS2307: [0mCannot find module '@nestjs/common' or its corresponding type declarations.

[7m1[0m import { Injectable, Logger } from '@nestjs/common';
[7m [0m [91m                                   ~~~~~~~~~~~~~~~~[0m

[96m../../crypto_bot/apps/api/src/exchanges/risk-management.service.ts[0m:[93m1[0m:[93m36[0m - [91merror[0m[90m TS2307: [0mCannot find module '@nestjs/common' or its corresponding type declarations.

[7m1[0m import { Injectable, Logger } from '@nestjs/common';
[7m [0m [91m                                   ~~~~~~~~~~~~~~~~[0m

[96m../../crypto_bot/apps/api/src/exchanges/risk-management.service.ts[0m:[93m2[0m:[93m31[0m - [91merror[0m[90m TS2307: [0mCannot find module '@nestjs/config' or its corresponding type declarations.

[7m2[0m import { ConfigService } from '@nestjs/config';
[7m [0m [91m                              ~~~~~~~~~~~~~~~~[0m

[96m../../crypto_bot/apps/api/src/exchanges/risk-management.service.ts[0m:[93m107[0m:[93m43[0m - [91merror[0m[90m TS2339: [0mProperty 'account' does not exist on type 'PrismaService'.

[7m107[0m     const userAccount = await this.prisma.account.findFirst({
[7m   [0m [91m                                          ~~~~~~~[0m

[96m../../crypto_bot/apps/api/src/exchanges/risk-management.service.ts[0m:[93m121[0m:[93m40[0m - [91merror[0m[90m TS2339: [0mProperty 'pnlSnapshot' does not exist on type 'PrismaService'.

[7m121[0m     const dailyPnL = await this.prisma.pnlSnapshot.findFirst({
[7m   [0m [91m                                       ~~~~~~~~~~~[0m

[96m../../crypto_bot/apps/api/src/exchanges/risk-management.service.ts[0m:[93m149[0m:[93m43[0m - [91merror[0m[90m TS2339: [0mProperty 'account' does not exist on type 'PrismaService'.

[7m149[0m     const userAccount = await this.prisma.account.findFirst({
[7m   [0m [91m                                          ~~~~~~~[0m

[96m../../crypto_bot/apps/api/src/exchanges/risk-management.service.ts[0m:[93m163[0m:[93m45[0m - [91merror[0m[90m TS2339: [0mProperty 'position' does not exist on type 'PrismaService'.

[7m163[0m     const openPositions = await this.prisma.position.count({
[7m   [0m [91m                                            ~~~~~~~~[0m

[96m../../crypto_bot/apps/api/src/exchanges/risk-management.service.ts[0m:[93m183[0m:[93m43[0m - [91merror[0m[90m TS2339: [0mProperty 'account' does not exist on type 'PrismaService'.

[7m183[0m     const userAccount = await this.prisma.account.findFirst({
[7m   [0m [91m                                          ~~~~~~~[0m

[96m../../crypto_bot/apps/api/src/exchanges/risk-management.service.ts[0m:[93m198[0m:[93m40[0m - [91merror[0m[90m TS2339: [0mProperty 'balance' does not exist on type 'PrismaService'.

[7m198[0m     const balances = await this.prisma.balance.findMany({
[7m   [0m [91m                                       ~~~~~~~[0m

[96m../../crypto_bot/apps/api/src/exchanges/risk-management.service.ts[0m:[93m207[0m:[93m35[0m - [91merror[0m[90m TS7006: [0mParameter 'b' implicitly has an 'any' type.

[7m207[0m     const balance = balances.find(b => b.asset === requiredCurrency);
[7m   [0m [91m                                  ~[0m

[96m../../crypto_bot/apps/api/src/ledger/ledger.module.ts[0m:[93m1[0m:[93m24[0m - [91merror[0m[90m TS2307: [0mCannot find module '@nestjs/common' or its corresponding type declarations.

[7m1[0m import { Module } from '@nestjs/common';
[7m [0m [91m                       ~~~~~~~~~~~~~~~~[0m

[96m../../crypto_bot/apps/api/src/ledger/ledger.service.ts[0m:[93m1[0m:[93m28[0m - [91merror[0m[90m TS2307: [0mCannot find module '@nestjs/common' or its corresponding type declarations.

[7m1[0m import { Injectable } from '@nestjs/common';
[7m [0m [91m                           ~~~~~~~~~~~~~~~~[0m

[96m../../crypto_bot/apps/api/src/ledger/ledger.service.ts[0m:[93m19[0m:[93m37[0m - [91merror[0m[90m TS2339: [0mProperty 'ledgerEntry' does not exist on type 'PrismaService'.

[7m19[0m     const entry = await this.prisma.ledgerEntry.create({
[7m  [0m [91m                                    ~~~~~~~~~~~[0m

[96m../../crypto_bot/apps/api/src/ledger/ledger.service.ts[0m:[93m37[0m:[93m33[0m - [91merror[0m[90m TS2339: [0mProperty 'fill' does not exist on type 'PrismaService'.

[7m37[0m     const f = await this.prisma.fill.findUnique({ where: { id: fillId }, include: { order: true } });
[7m  [0m [91m                                ~~~~[0m

[96m../../crypto_bot/apps/api/src/ledger/ledger.service.ts[0m:[93m72[0m:[93m36[0m - [91merror[0m[90m TS2339: [0mProperty 'ledgerEntry' does not exist on type 'PrismaService'.

[7m72[0m     const rows = await this.prisma.ledgerEntry.findMany({ where: { accountId } });
[7m  [0m [91m                                   ~~~~~~~~~~~[0m

[96m../../crypto_bot/apps/api/src/main.ts[0m:[93m1[0m:[93m29[0m - [91merror[0m[90m TS2307: [0mCannot find module '@nestjs/core' or its corresponding type declarations.

[7m1[0m import { NestFactory } from '@nestjs/core';
[7m [0m [91m                            ~~~~~~~~~~~~~~[0m

[96m../../crypto_bot/apps/api/src/market/events.service.ts[0m:[93m1[0m:[93m28[0m - [91merror[0m[90m TS2307: [0mCannot find module '@nestjs/common' or its corresponding type declarations.

[7m1[0m import { Injectable } from '@nestjs/common';
[7m [0m [91m                           ~~~~~~~~~~~~~~~~[0m

[96m../../crypto_bot/apps/api/src/market/market.module.ts[0m:[93m1[0m:[93m24[0m - [91merror[0m[90m TS2307: [0mCannot find module '@nestjs/common' or its corresponding type declarations.

[7m1[0m import { Module } from '@nestjs/common';
[7m [0m [91m                       ~~~~~~~~~~~~~~~~[0m

[96m../../crypto_bot/apps/api/src/market/market.service.ts[0m:[93m1[0m:[93m28[0m - [91merror[0m[90m TS2307: [0mCannot find module '@nestjs/common' or its corresponding type declarations.

[7m1[0m import { Injectable } from '@nestjs/common';
[7m [0m [91m                           ~~~~~~~~~~~~~~~~[0m

[96m../../crypto_bot/apps/api/src/market/market.service.ts[0m:[93m10[0m:[93m35[0m - [91merror[0m[90m TS2339: [0mProperty 'priceTick' does not exist on type 'PrismaService'.

[7m10[0m     const row = await this.prisma.priceTick.create({ data: { symbol: payload.symbol, price: payload.price as any, bid: payload.bid as any, ask: payload.ask as any, source: payload.source, ts: payload.ts ? new Date(payload.ts) : new Date() } });
[7m  [0m [91m                                  ~~~~~~~~~[0m

[96m../../crypto_bot/apps/api/src/market/market.service.ts[0m:[93m17[0m:[93m24[0m - [91merror[0m[90m TS2339: [0mProperty 'priceTick' does not exist on type 'PrismaService'.

[7m17[0m     return this.prisma.priceTick.findFirst({ where: { symbol }, orderBy: { ts: 'desc' } as any });
[7m  [0m [91m                       ~~~~~~~~~[0m

[96m../../crypto_bot/apps/api/src/market/market.service.ts[0m:[93m24[0m:[93m37[0m - [91merror[0m[90m TS2339: [0mProperty 'priceTick' does not exist on type 'PrismaService'.

[7m24[0m     const ticks = await this.prisma.priceTick.findMany({ where, orderBy: { ts: 'asc' } as any });
[7m  [0m [91m                                    ~~~~~~~~~[0m

[96m../../crypto_bot/apps/api/src/market/replay.controller.ts[0m:[93m1[0m:[93m40[0m - [91merror[0m[90m TS2307: [0mCannot find module '@nestjs/common' or its corresponding type declarations.

[7m1[0m import { Body, Controller, Post } from '@nestjs/common';
[7m [0m [91m                                       ~~~~~~~~~~~~~~~~[0m

[96m../../crypto_bot/apps/api/src/market/replay.controller.ts[0m:[93m14[0m:[93m37[0m - [91merror[0m[90m TS2339: [0mProperty 'priceTick' does not exist on type 'PrismaService'.

[7m14[0m       const row = await this.prisma.priceTick.create({ data: { symbol: t.symbol, price: t.price, ts: new Date(t.ts), source: t.source || 'replay' } });
[7m  [0m [91m                                    ~~~~~~~~~[0m

[96m../../crypto_bot/apps/api/src/market/replay.module.ts[0m:[93m1[0m:[93m24[0m - [91merror[0m[90m TS2307: [0mCannot find module '@nestjs/common' or its corresponding type declarations.

[7m1[0m import { Module } from '@nestjs/common';
[7m [0m [91m                       ~~~~~~~~~~~~~~~~[0m

[96m../../crypto_bot/apps/api/src/market/ticks.controller.ts[0m:[93m1[0m:[93m40[0m - [91merror[0m[90m TS2307: [0mCannot find module '@nestjs/common' or its corresponding type declarations.

[7m1[0m import { Body, Controller, Post } from '@nestjs/common';
[7m [0m [91m                                       ~~~~~~~~~~~~~~~~[0m

[96m../../crypto_bot/apps/api/src/orders/dto/cancel-order.dto.ts[0m:[93m1[0m:[93m38[0m - [91merror[0m[90m TS2307: [0mCannot find module 'class-validator' or its corresponding type declarations.

[7m1[0m import { IsString, IsNotEmpty } from 'class-validator';
[7m [0m [91m                                     ~~~~~~~~~~~~~~~~~[0m

[96m../../crypto_bot/apps/api/src/orders/dto/create-order.dto.ts[0m:[93m1[0m:[93m54[0m - [91merror[0m[90m TS2307: [0mCannot find module 'class-validator' or its corresponding type declarations.

[7m1[0m import { IsIn, IsNumber, IsOptional, IsString } from "class-validator";
[7m [0m [91m                                                     ~~~~~~~~~~~~~~~~~[0m

[96m../../crypto_bot/apps/api/src/orders/orders.controller.ts[0m:[93m1[0m:[93m59[0m - [91merror[0m[90m TS2307: [0mCannot find module '@nestjs/common' or its corresponding type declarations.

[7m1[0m import { Body, Controller, Get, Param, Post, Query } from '@nestjs/common';
[7m [0m [91m                                                          ~~~~~~~~~~~~~~~~[0m

[96m../../crypto_bot/apps/api/src/orders/orders.controller.ts[0m:[93m21[0m:[93m24[0m - [91merror[0m[90m TS2339: [0mProperty 'list' does not exist on type 'OrdersService'.

[7m21[0m     return this.orders.list(accountId as any);
[7m  [0m [91m                       ~~~~[0m

[96m../../crypto_bot/apps/api/src/orders/orders.controller.ts[0m:[93m27[0m:[93m38[0m - [91merror[0m[90m TS2339: [0mProperty 'list' does not exist on type 'OrdersService'.

[7m27[0m     const orders = await this.orders.list();
[7m  [0m [91m                                     ~~~~[0m

[96m../../crypto_bot/apps/api/src/orders/orders.controller.ts[0m:[93m28[0m:[93m25[0m - [91merror[0m[90m TS7006: [0mParameter 'o' implicitly has an 'any' type.

[7m28[0m     return orders.find((o) => o.id === id) || null;
[7m  [0m [91m                        ~[0m

[96m../../crypto_bot/apps/api/src/orders/orders.module.ts[0m:[93m1[0m:[93m24[0m - [91merror[0m[90m TS2307: [0mCannot find module '@nestjs/common' or its corresponding type declarations.

[7m1[0m import { Module } from '@nestjs/common';
[7m [0m [91m                       ~~~~~~~~~~~~~~~~[0m

[96m../../crypto_bot/apps/api/src/orders/orders.service.ts[0m:[93m5[0m:[93m8[0m - [91merror[0m[90m TS2307: [0mCannot find module '@nestjs/common' or its corresponding type declarations.

[7m5[0m } from "@nestjs/common";
[7m [0m [91m       ~~~~~~~~~~~~~~~~[0m

[96m../../crypto_bot/apps/api/src/orders/orders.service.ts[0m:[93m21[0m:[93m39[0m - [91merror[0m[90m TS2339: [0mProperty 'account' does not exist on type 'PrismaService'.

[7m21[0m     const account = await this.prisma.account.findUnique({
[7m  [0m [91m                                      ~~~~~~~[0m

[96m../../crypto_bot/apps/api/src/orders/orders.service.ts[0m:[93m27[0m:[93m37[0m - [91merror[0m[90m TS2339: [0mProperty 'order' does not exist on type 'PrismaService'.

[7m27[0m     const order = await this.prisma.order.create({
[7m  [0m [91m                                    ~~~~~[0m

[96m../../crypto_bot/apps/api/src/orders/orders.service.ts[0m:[93m43[0m:[93m36[0m - [91merror[0m[90m TS2339: [0mProperty 'fill' does not exist on type 'PrismaService'.

[7m43[0m     const fill = await this.prisma.fill.create({
[7m  [0m [91m                                   ~~~~[0m

[96m../../crypto_bot/apps/api/src/orders/orders.service.ts[0m:[93m54[0m:[93m44[0m - [91merror[0m[90m TS2339: [0mProperty 'order' does not exist on type 'PrismaService'.

[7m54[0m     const updatedOrder = await this.prisma.order.update({
[7m  [0m [91m                                           ~~~~~[0m

[96m../../crypto_bot/apps/api/src/orders/orders.service.ts[0m:[93m86[0m:[93m37[0m - [91merror[0m[90m TS2339: [0mProperty 'order' does not exist on type 'PrismaService'.

[7m86[0m     const order = await this.prisma.order.findUnique({
[7m  [0m [91m                                    ~~~~~[0m

[96m../../crypto_bot/apps/api/src/orders/orders.service.ts[0m:[93m95[0m:[93m39[0m - [91merror[0m[90m TS2339: [0mProperty 'order' does not exist on type 'PrismaService'.

[7m95[0m     const updated = await this.prisma.order.update({
[7m  [0m [91m                                      ~~~~~[0m

[96m../../crypto_bot/apps/api/src/orders/orders.service.ts[0m:[93m113[0m:[93m24[0m - [91merror[0m[90m TS2339: [0mProperty 'order' does not exist on type 'PrismaService'.

[7m113[0m     return this.prisma.order.findMany({
[7m   [0m [91m                       ~~~~~[0m

[96m../../crypto_bot/apps/api/src/orders/orders.service.ts[0m:[93m134[0m:[93m35[0m - [91merror[0m[90m TS2339: [0mProperty 'position' does not exist on type 'PrismaService'.

[7m134[0m     const pos = await this.prisma.position.findFirst({
[7m   [0m [91m                                  ~~~~~~~~[0m

[96m../../crypto_bot/apps/api/src/orders/orders.service.ts[0m:[93m141[0m:[93m25[0m - [91merror[0m[90m TS2339: [0mProperty 'position' does not exist on type 'PrismaService'.

[7m141[0m       await this.prisma.position.create({
[7m   [0m [91m                        ~~~~~~~~[0m

[96m../../crypto_bot/apps/api/src/orders/orders.service.ts[0m:[93m151[0m:[93m25[0m - [91merror[0m[90m TS2339: [0mProperty 'position' does not exist on type 'PrismaService'.

[7m151[0m       await this.prisma.position.update({
[7m   [0m [91m                        ~~~~~~~~[0m

[96m../../crypto_bot/apps/api/src/orders/orders.service.ts[0m:[93m160[0m:[93m39[0m - [91merror[0m[90m TS2339: [0mProperty 'balance' does not exist on type 'PrismaService'.

[7m160[0m     const balance = await this.prisma.balance.findFirst({
[7m   [0m [91m                                      ~~~~~~~[0m

[96m../../crypto_bot/apps/api/src/orders/orders.service.ts[0m:[93m164[0m:[93m25[0m - [91merror[0m[90m TS2339: [0mProperty 'balance' does not exist on type 'PrismaService'.

[7m164[0m       await this.prisma.balance.create({
[7m   [0m [91m                        ~~~~~~~[0m

[96m../../crypto_bot/apps/api/src/orders/orders.service.ts[0m:[93m168[0m:[93m25[0m - [91merror[0m[90m TS2339: [0mProperty 'balance' does not exist on type 'PrismaService'.

[7m168[0m       await this.prisma.balance.update({
[7m   [0m [91m                        ~~~~~~~[0m

[96m../../crypto_bot/apps/api/src/pnl/pnl.controller.ts[0m:[93m1[0m:[93m52[0m - [91merror[0m[90m TS2307: [0mCannot find module '@nestjs/common' or its corresponding type declarations.

[7m1[0m import { Body, Controller, Get, Post, Query } from '@nestjs/common';
[7m [0m [91m                                                   ~~~~~~~~~~~~~~~~[0m

[96m../../crypto_bot/apps/api/src/pnl/pnl.module.ts[0m:[93m1[0m:[93m24[0m - [91merror[0m[90m TS2307: [0mCannot find module '@nestjs/common' or its corresponding type declarations.

[7m1[0m import { Module } from '@nestjs/common';
[7m [0m [91m                       ~~~~~~~~~~~~~~~~[0m

[96m../../crypto_bot/apps/api/src/pnl/pnl.service.ts[0m:[93m1[0m:[93m28[0m - [91merror[0m[90m TS2307: [0mCannot find module '@nestjs/common' or its corresponding type declarations.

[7m1[0m import { Injectable } from '@nestjs/common';
[7m [0m [91m                           ~~~~~~~~~~~~~~~~[0m

[96m../../crypto_bot/apps/api/src/pnl/pnl.service.ts[0m:[93m15[0m:[93m19[0m - [91merror[0m[90m TS2339: [0mProperty 'balance' does not exist on type 'PrismaService'.

[7m15[0m       this.prisma.balance.findMany({ where: { accountId } }),
[7m  [0m [91m                  ~~~~~~~[0m

[96m../../crypto_bot/apps/api/src/pnl/pnl.service.ts[0m:[93m16[0m:[93m19[0m - [91merror[0m[90m TS2339: [0mProperty 'position' does not exist on type 'PrismaService'.

[7m16[0m       this.prisma.position.findMany({ where: { accountId } }),
[7m  [0m [91m                  ~~~~~~~~[0m

[96m../../crypto_bot/apps/api/src/pnl/pnl.service.ts[0m:[93m27[0m:[93m38[0m - [91merror[0m[90m TS2339: [0mProperty 'priceTick' does not exist on type 'PrismaService'.

[7m27[0m       const tick = await this.prisma.priceTick.findFirst({
[7m  [0m [91m                                     ~~~~~~~~~[0m

[96m../../crypto_bot/apps/api/src/pnl/pnl.service.ts[0m:[93m42[0m:[93m40[0m - [91merror[0m[90m TS2339: [0mProperty 'pnlSnapshot' does not exist on type 'PrismaService'.

[7m42[0m     const snapshot = await this.prisma.pnlSnapshot.create({
[7m  [0m [91m                                       ~~~~~~~~~~~[0m

[96m../../crypto_bot/apps/api/src/pnl/pnl.service.ts[0m:[93m57[0m:[93m38[0m - [91merror[0m[90m TS2339: [0mProperty 'order' does not exist on type 'PrismaService'.

[7m57[0m     const orders = await this.prisma.order.findMany({
[7m  [0m [91m                                     ~~~~~[0m

[96m../../crypto_bot/apps/api/src/pnl/pnl.service.ts[0m:[93m63[0m:[93m41[0m - [91merror[0m[90m TS7006: [0mParameter 'o' implicitly has an 'any' type.

[7m63[0m     const filledOrders = orders.filter((o) => o.status === "FILLED");
[7m  [0m [91m                                        ~[0m

[96m../../crypto_bot/apps/api/src/pnl/pnl.service.ts[0m:[93m65[0m:[93m8[0m - [91merror[0m[90m TS7006: [0mParameter 'sum' implicitly has an 'any' type.

[7m65[0m       (sum, order) => sum + (order.realizedPnL || 0),
[7m  [0m [91m       ~~~[0m

[96m../../crypto_bot/apps/api/src/pnl/pnl.service.ts[0m:[93m65[0m:[93m13[0m - [91merror[0m[90m TS7006: [0mParameter 'order' implicitly has an 'any' type.

[7m65[0m       (sum, order) => sum + (order.realizedPnL || 0),
[7m  [0m [91m            ~~~~~[0m

[96m../../crypto_bot/apps/api/src/pnl/pnl.service.ts[0m:[93m80[0m:[93m43[0m - [91merror[0m[90m TS7006: [0mParameter 'o' implicitly has an 'any' type.

[7m80[0m       winningTrades: filledOrders.filter((o) => (order.realizedPnL || 0) > 0)
[7m  [0m [91m                                          ~[0m

[96m../../crypto_bot/apps/api/src/pnl/pnl.service.ts[0m:[93m80[0m:[93m50[0m - [91merror[0m[90m TS2304: [0mCannot find name 'order'.

[7m80[0m       winningTrades: filledOrders.filter((o) => (order.realizedPnL || 0) > 0)
[7m  [0m [91m                                                 ~~~~~[0m

[96m../../crypto_bot/apps/api/src/pnl/pnl.service.ts[0m:[93m82[0m:[93m42[0m - [91merror[0m[90m TS7006: [0mParameter 'o' implicitly has an 'any' type.

[7m82[0m       losingTrades: filledOrders.filter((o) => (order.realizedPnL || 0) < 0)
[7m  [0m [91m                                         ~[0m

[96m../../crypto_bot/apps/api/src/pnl/pnl.service.ts[0m:[93m82[0m:[93m49[0m - [91merror[0m[90m TS2304: [0mCannot find name 'order'.

[7m82[0m       losingTrades: filledOrders.filter((o) => (order.realizedPnL || 0) < 0)
[7m  [0m [91m                                                ~~~~~[0m

[96m../../crypto_bot/apps/api/src/pnl/pnl.service.ts[0m:[93m135[0m:[93m40[0m - [91merror[0m[90m TS2339: [0mProperty 'account' does not exist on type 'PrismaService'.

[7m135[0m     const accounts = await this.prisma.account.findMany();
[7m   [0m [91m                                       ~~~~~~~[0m

[96m../../crypto_bot/apps/api/src/pnl/pnl.service.ts[0m:[93m145[0m:[93m24[0m - [91merror[0m[90m TS2339: [0mProperty 'pnlSnapshot' does not exist on type 'PrismaService'.

[7m145[0m     return this.prisma.pnlSnapshot.findMany({
[7m   [0m [91m                       ~~~~~~~~~~~[0m

[96m../../crypto_bot/apps/api/src/pnl/realized.service.ts[0m:[93m1[0m:[93m28[0m - [91merror[0m[90m TS2307: [0mCannot find module '@nestjs/common' or its corresponding type declarations.

[7m1[0m import { Injectable } from '@nestjs/common';
[7m [0m [91m                           ~~~~~~~~~~~~~~~~[0m

[96m../../crypto_bot/apps/api/src/pnl/realized.service.ts[0m:[93m29[0m:[93m37[0m - [91merror[0m[90m TS2339: [0mProperty 'fill' does not exist on type 'PrismaService'.

[7m29[0m     const fills = await this.prisma.fill.findMany({ where: { order: { accountId } }, include: { order: true }, orderBy: { createdAt: 'asc' } as any });
[7m  [0m [91m                                    ~~~~[0m

[96m../../crypto_bot/apps/api/src/portfolio/portfolio.controller.ts[0m:[93m1[0m:[93m56[0m - [91merror[0m[90m TS2307: [0mCannot find module '@nestjs/common' or its corresponding type declarations.

[7m1[0m import { Body, Controller, Get, Post, UseGuards } from '@nestjs/common'
[7m [0m [91m                                                       ~~~~~~~~~~~~~~~~[0m

[96m../../crypto_bot/apps/api/src/portfolio/portfolio.module.ts[0m:[93m1[0m:[93m24[0m - [91merror[0m[90m TS2307: [0mCannot find module '@nestjs/common' or its corresponding type declarations.

[7m1[0m import { Module } from '@nestjs/common'
[7m [0m [91m                       ~~~~~~~~~~~~~~~~[0m

[96m../../crypto_bot/apps/api/src/portfolio/portfolio.service.ts[0m:[93m1[0m:[93m28[0m - [91merror[0m[90m TS2307: [0mCannot find module '@nestjs/common' or its corresponding type declarations.

[7m1[0m import { Injectable } from '@nestjs/common'
[7m [0m [91m                           ~~~~~~~~~~~~~~~~[0m

[96m../../crypto_bot/apps/api/src/prisma/prisma.module.ts[0m:[93m1[0m:[93m32[0m - [91merror[0m[90m TS2307: [0mCannot find module '@nestjs/common' or its corresponding type declarations.

[7m1[0m import { Global, Module } from '@nestjs/common';
[7m [0m [91m                               ~~~~~~~~~~~~~~~~[0m

[96m../../crypto_bot/apps/api/src/prisma/prisma.service.ts[0m:[93m1[0m:[93m59[0m - [91merror[0m[90m TS2307: [0mCannot find module '@nestjs/common' or its corresponding type declarations.

[7m1[0m import { Injectable, OnModuleInit, OnModuleDestroy } from '@nestjs/common';
[7m [0m [91m                                                          ~~~~~~~~~~~~~~~~[0m

[96m../../crypto_bot/apps/api/src/prisma/prisma.service.ts[0m:[93m2[0m:[93m30[0m - [91merror[0m[90m TS2307: [0mCannot find module '@prisma/client' or its corresponding type declarations.

[7m2[0m import { PrismaClient } from '@prisma/client';
[7m [0m [91m                             ~~~~~~~~~~~~~~~~[0m

[96m../../crypto_bot/apps/api/src/prisma/prisma.service.ts[0m:[93m7[0m:[93m16[0m - [91merror[0m[90m TS2339: [0mProperty '$connect' does not exist on type 'PrismaService'.

[7m7[0m     await this.$connect();
[7m [0m [91m               ~~~~~~~~[0m

[96m../../crypto_bot/apps/api/src/prisma/prisma.service.ts[0m:[93m11[0m:[93m16[0m - [91merror[0m[90m TS2339: [0mProperty '$disconnect' does not exist on type 'PrismaService'.

[7m11[0m     await this.$disconnect();
[7m  [0m [91m               ~~~~~~~~~~~[0m

[96m../../crypto_bot/apps/api/src/strategies/dto/create-strategy.dto.ts[0m:[93m1[0m:[93m50[0m - [91merror[0m[90m TS2307: [0mCannot find module 'class-validator' or its corresponding type declarations.

[7m1[0m import { IsNotEmpty, IsOptional, IsString } from 'class-validator';
[7m [0m [91m                                                 ~~~~~~~~~~~~~~~~~[0m

[96m../../crypto_bot/apps/api/src/strategies/dto/update-strategy.dto.ts[0m:[93m1[0m:[93m50[0m - [91merror[0m[90m TS2307: [0mCannot find module 'class-validator' or its corresponding type declarations.

[7m1[0m import { IsOptional, IsString, IsNotEmpty } from 'class-validator';
[7m [0m [91m                                                 ~~~~~~~~~~~~~~~~~[0m

[96m../../crypto_bot/apps/api/src/strategies/strategies.controller.ts[0m:[93m1[0m:[93m67[0m - [91merror[0m[90m TS2307: [0mCannot find module '@nestjs/common' or its corresponding type declarations.

[7m1[0m import { Body, Controller, Delete, Get, Param, Patch, Post } from '@nestjs/common';
[7m [0m [91m                                                                  ~~~~~~~~~~~~~~~~[0m

[96m../../crypto_bot/apps/api/src/strategies/strategies.module.ts[0m:[93m1[0m:[93m24[0m - [91merror[0m[90m TS2307: [0mCannot find module '@nestjs/common' or its corresponding type declarations.

[7m1[0m import { Module } from '@nestjs/common';
[7m [0m [91m                       ~~~~~~~~~~~~~~~~[0m

[96m../../crypto_bot/apps/api/src/strategies/strategies.service.ts[0m:[93m1[0m:[93m47[0m - [91merror[0m[90m TS2307: [0mCannot find module '@nestjs/common' or its corresponding type declarations.

[7m1[0m import { Injectable, NotFoundException } from '@nestjs/common';
[7m [0m [91m                                              ~~~~~~~~~~~~~~~~[0m

[96m../../crypto_bot/apps/api/src/strategies/strategies.service.ts[0m:[93m11[0m:[93m24[0m - [91merror[0m[90m TS2339: [0mProperty 'strategy' does not exist on type 'PrismaService'.

[7m11[0m     return this.prisma.strategy.create({ data: { name: dto.name, description: dto.description, } });
[7m  [0m [91m                       ~~~~~~~~[0m

[96m../../crypto_bot/apps/api/src/strategies/strategies.service.ts[0m:[93m15[0m:[93m24[0m - [91merror[0m[90m TS2339: [0mProperty 'strategy' does not exist on type 'PrismaService'.

[7m15[0m     return this.prisma.strategy.findMany();
[7m  [0m [91m                       ~~~~~~~~[0m

[96m../../crypto_bot/apps/api/src/strategies/strategies.service.ts[0m:[93m19[0m:[93m33[0m - [91merror[0m[90m TS2339: [0mProperty 'strategy' does not exist on type 'PrismaService'.

[7m19[0m     const s = await this.prisma.strategy.findUnique({ where: { id } });
[7m  [0m [91m                                ~~~~~~~~[0m

[96m../../crypto_bot/apps/api/src/strategies/strategies.service.ts[0m:[93m26[0m:[93m24[0m - [91merror[0m[90m TS2339: [0mProperty 'strategy' does not exist on type 'PrismaService'.

[7m26[0m     return this.prisma.strategy.update({ where: { id }, data: { ...dto } });
[7m  [0m [91m                       ~~~~~~~~[0m

[96m../../crypto_bot/apps/api/src/strategies/strategies.service.ts[0m:[93m31[0m:[93m24[0m - [91merror[0m[90m TS2339: [0mProperty 'strategy' does not exist on type 'PrismaService'.

[7m31[0m     return this.prisma.strategy.delete({ where: { id } });
[7m  [0m [91m                       ~~~~~~~~[0m

[96m../../crypto_bot/apps/api/src/tasks/dto/create-task-action.dto.ts[0m:[93m1[0m:[93m66[0m - [91merror[0m[90m TS2307: [0mCannot find module 'class-validator' or its corresponding type declarations.

[7m1[0m import { IsIn, IsObject, IsOptional, IsString, IsNotEmpty } from 'class-validator';
[7m [0m [91m                                                                 ~~~~~~~~~~~~~~~~~[0m

[96m../../crypto_bot/apps/api/src/tasks/dto/create-task-trigger.dto.ts[0m:[93m1[0m:[93m66[0m - [91merror[0m[90m TS2307: [0mCannot find module 'class-validator' or its corresponding type declarations.

[7m1[0m import { IsIn, IsObject, IsOptional, IsString, IsNotEmpty } from 'class-validator';
[7m [0m [91m                                                                 ~~~~~~~~~~~~~~~~~[0m

[96m../../crypto_bot/apps/api/src/tasks/dto/create-task.dto.ts[0m:[93m1[0m:[93m75[0m - [91merror[0m[90m TS2307: [0mCannot find module 'class-validator' or its corresponding type declarations.

[7m1[0m import { IsArray, IsNotEmpty, IsOptional, IsString, ValidateNested } from 'class-validator';
[7m [0m [91m                                                                          ~~~~~~~~~~~~~~~~~[0m

[96m../../crypto_bot/apps/api/src/tasks/dto/create-task.dto.ts[0m:[93m2[0m:[93m22[0m - [91merror[0m[90m TS2307: [0mCannot find module 'class-transformer' or its corresponding type declarations.

[7m2[0m import { Type } from 'class-transformer';
[7m [0m [91m                     ~~~~~~~~~~~~~~~~~~~[0m

[96m../../crypto_bot/apps/api/src/tasks/tasks.controller.ts[0m:[93m1[0m:[93m59[0m - [91merror[0m[90m TS2307: [0mCannot find module '@nestjs/common' or its corresponding type declarations.

[7m1[0m import { Body, Controller, Get, Param, Post, Query } from '@nestjs/common';
[7m [0m [91m                                                          ~~~~~~~~~~~~~~~~[0m

[96m../../crypto_bot/apps/api/src/tasks/tasks.module.ts[0m:[93m1[0m:[93m24[0m - [91merror[0m[90m TS2307: [0mCannot find module '@nestjs/common' or its corresponding type declarations.

[7m1[0m import { Module } from '@nestjs/common';
[7m [0m [91m                       ~~~~~~~~~~~~~~~~[0m

[96m../../crypto_bot/apps/api/src/tasks/tasks.service.ts[0m:[93m1[0m:[93m47[0m - [91merror[0m[90m TS2307: [0mCannot find module '@nestjs/common' or its corresponding type declarations.

[7m1[0m import { Injectable, NotFoundException } from '@nestjs/common';
[7m [0m [91m                                              ~~~~~~~~~~~~~~~~[0m

[96m../../crypto_bot/apps/api/src/tasks/tasks.service.ts[0m:[93m14[0m:[93m36[0m - [91merror[0m[90m TS2339: [0mProperty 'task' does not exist on type 'PrismaService'.

[7m14[0m     const task = await this.prisma.task.create({
[7m  [0m [91m                                   ~~~~[0m

[96m../../crypto_bot/apps/api/src/tasks/tasks.service.ts[0m:[93m47[0m:[93m24[0m - [91merror[0m[90m TS2339: [0mProperty 'task' does not exist on type 'PrismaService'.

[7m47[0m     return this.prisma.task.findMany({
[7m  [0m [91m                       ~~~~[0m

[96m../../crypto_bot/apps/api/src/tasks/tasks.service.ts[0m:[93m54[0m:[93m36[0m - [91merror[0m[90m TS2339: [0mProperty 'task' does not exist on type 'PrismaService'.

[7m54[0m     const task = await this.prisma.task.findUnique({
[7m  [0m [91m                                   ~~~~[0m

[96m../../crypto_bot/apps/api/src/tasks/tasks.service.ts[0m:[93m66[0m:[93m35[0m - [91merror[0m[90m TS2339: [0mProperty 'taskRun' does not exist on type 'PrismaService'.

[7m66[0m     const run = await this.prisma.taskRun.create({
[7m  [0m [91m                                  ~~~~~~~[0m

[96m../../crypto_bot/apps/api/src/tasks/tasks.service.ts[0m:[93m85[0m:[93m39[0m - [91merror[0m[90m TS2339: [0mProperty 'taskTrigger' does not exist on type 'PrismaService'.

[7m85[0m     const trigger = await this.prisma.taskTrigger.findFirst({
[7m  [0m [91m                                      ~~~~~~~~~~~[0m

[96m../../crypto_bot/apps/api/src/users/dto/create-user.dto.ts[0m:[93m1[0m:[93m70[0m - [91merror[0m[90m TS2307: [0mCannot find module 'class-validator' or its corresponding type declarations.

[7m1[0m import { IsEmail, IsOptional, IsString, MinLength, IsNotEmpty } from 'class-validator';
[7m [0m [91m                                                                     ~~~~~~~~~~~~~~~~~[0m

[96m../../crypto_bot/apps/api/src/users/users.controller.ts[0m:[93m8[0m:[93m8[0m - [91merror[0m[90m TS2307: [0mCannot find module '@nestjs/common' or its corresponding type declarations.

[7m8[0m } from "@nestjs/common";
[7m [0m [91m       ~~~~~~~~~~~~~~~~[0m

[96m../../crypto_bot/apps/api/src/users/users.module.ts[0m:[93m1[0m:[93m24[0m - [91merror[0m[90m TS2307: [0mCannot find module '@nestjs/common' or its corresponding type declarations.

[7m1[0m import { Module } from '@nestjs/common';
[7m [0m [91m                       ~~~~~~~~~~~~~~~~[0m

[96m../../crypto_bot/apps/api/src/users/users.service.ts[0m:[93m1[0m:[93m28[0m - [91merror[0m[90m TS2307: [0mCannot find module '@nestjs/common' or its corresponding type declarations.

[7m1[0m import { Injectable } from '@nestjs/common';
[7m [0m [91m                           ~~~~~~~~~~~~~~~~[0m

[96m../../crypto_bot/apps/api/src/users/users.service.ts[0m:[93m4[0m:[93m25[0m - [91merror[0m[90m TS2307: [0mCannot find module 'bcryptjs' or its corresponding type declarations.

[7m4[0m import * as bcrypt from 'bcryptjs';
[7m [0m [91m                        ~~~~~~~~~~[0m

[96m../../crypto_bot/apps/api/src/users/users.service.ts[0m:[93m14[0m:[93m36[0m - [91merror[0m[90m TS2339: [0mProperty 'user' does not exist on type 'PrismaService'.

[7m14[0m     const user = await this.prisma.user.create({
[7m  [0m [91m                                   ~~~~[0m

[96m../../crypto_bot/apps/api/src/users/users.service.ts[0m:[93m34[0m:[93m24[0m - [91merror[0m[90m TS2339: [0mProperty 'user' does not exist on type 'PrismaService'.

[7m34[0m     return this.prisma.user.findUnique({ where: { email } });
[7m  [0m [91m                       ~~~~[0m

[96m../../crypto_bot/apps/api/src/users/users.service.ts[0m:[93m38[0m:[93m24[0m - [91merror[0m[90m TS2339: [0mProperty 'user' does not exist on type 'PrismaService'.

[7m38[0m     return this.prisma.user.findUnique({ where: { id } });
[7m  [0m [91m                       ~~~~[0m

[96m../../crypto_bot/apps/api/src/ws/ws.gateway.ts[0m:[93m1[0m:[93m24[0m - [91merror[0m[90m TS2307: [0mCannot find module '@nestjs/common' or its corresponding type declarations.

[7m1[0m import { Logger } from '@nestjs/common';
[7m [0m [91m                       ~~~~~~~~~~~~~~~~[0m

[96m../../crypto_bot/apps/api/src/ws/ws.gateway.ts[0m:[93m7[0m:[93m8[0m - [91merror[0m[90m TS2307: [0mCannot find module '@nestjs/websockets' or its corresponding type declarations.

[7m7[0m } from "@nestjs/websockets";
[7m [0m [91m       ~~~~~~~~~~~~~~~~~~~~[0m

[96m../../crypto_bot/apps/api/src/ws/ws.gateway.ts[0m:[93m8[0m:[93m24[0m - [91merror[0m[90m TS2307: [0mCannot find module 'socket.io' or its corresponding type declarations.

[7m8[0m import { Server } from 'socket.io';
[7m [0m [91m                       ~~~~~~~~~~~[0m

[96m../../crypto_bot/apps/api/test/backtest.integration.spec.ts[0m:[93m1[0m:[93m38[0m - [91merror[0m[90m TS2307: [0mCannot find module 'vitest' or its corresponding type declarations.

[7m1[0m import { describe, it, expect } from 'vitest';
[7m [0m [91m                                     ~~~~~~~~[0m

[96m../../crypto_bot/apps/api/test/backtest.spec.ts[0m:[93m1[0m:[93m38[0m - [91merror[0m[90m TS2307: [0mCannot find module 'vitest' or its corresponding type declarations.

[7m1[0m import { describe, it, expect } from 'vitest';
[7m [0m [91m                                     ~~~~~~~~[0m

[96m../../crypto_bot/apps/api/test/ledger.spec.ts[0m:[93m1[0m:[93m30[0m - [91merror[0m[90m TS2307: [0mCannot find module 'vitest' or its corresponding type declarations.

[7m1[0m import { describe, it } from 'vitest';
[7m [0m [91m                             ~~~~~~~~[0m

[96m../../crypto_bot/apps/api/test/pnl.spec.ts[0m:[93m1[0m:[93m30[0m - [91merror[0m[90m TS2307: [0mCannot find module 'vitest' or its corresponding type declarations.

[7m1[0m import { describe, it } from 'vitest';
[7m [0m [91m                             ~~~~~~~~[0m

[96m../../crypto_bot/apps/api/test/realized.spec.ts[0m:[93m1[0m:[93m30[0m - [91merror[0m[90m TS2307: [0mCannot find module 'vitest' or its corresponding type declarations.

[7m1[0m import { describe, it } from 'vitest';
[7m [0m [91m                             ~~~~~~~~[0m

[96m../../crypto_bot/apps/api/test/reporting.pct.spec.ts[0m:[93m1[0m:[93m38[0m - [91merror[0m[90m TS2307: [0mCannot find module 'vitest' or its corresponding type declarations.

[7m1[0m import { describe, it, expect } from 'vitest';
[7m [0m [91m                                     ~~~~~~~~[0m

[96m../../crypto_bot/apps/api/test/reporting.spec.ts[0m:[93m1[0m:[93m38[0m - [91merror[0m[90m TS2307: [0mCannot find module 'vitest' or its corresponding type declarations.

[7m1[0m import { describe, it, expect } from 'vitest';
[7m [0m [91m                                     ~~~~~~~~[0m

[96m../../crypto_bot/apps/api/vitest.config.ts[0m:[93m1[0m:[93m30[0m - [91merror[0m[90m TS2307: [0mCannot find module 'vitest/config' or its corresponding type declarations.

[7m1[0m import { defineConfig } from 'vitest/config';
[7m [0m [91m                             ~~~~~~~~~~~~~~~[0m

[96m../../crypto_bot/apps/web/app/api/backtest/route.ts[0m:[93m1[0m:[93m43[0m - [91merror[0m[90m TS2307: [0mCannot find module 'next/server' or its corresponding type declarations.

[7m1[0m import { NextRequest, NextResponse } from 'next/server';
[7m [0m [91m                                          ~~~~~~~~~~~~~[0m

[96m../../crypto_bot/apps/web/app/api/webhooks/custom/route.ts[0m:[93m1[0m:[93m43[0m - [91merror[0m[90m TS2307: [0mCannot find module 'next/server' or its corresponding type declarations.

[7m1[0m import { NextRequest, NextResponse } from 'next/server';
[7m [0m [91m                                          ~~~~~~~~~~~~~[0m

[96m../../crypto_bot/apps/web/app/api/webhooks/price-alert/route.ts[0m:[93m1[0m:[93m43[0m - [91merror[0m[90m TS2307: [0mCannot find module 'next/server' or its corresponding type declarations.

[7m1[0m import { NextRequest, NextResponse } from 'next/server';
[7m [0m [91m                                          ~~~~~~~~~~~~~[0m

[96m../../crypto_bot/apps/web/lib/dex/uniswap.service.ts[0m:[93m1[0m:[93m24[0m - [91merror[0m[90m TS2307: [0mCannot find module 'ethers' or its corresponding type declarations.

[7m1[0m import { ethers } from 'ethers';
[7m [0m [91m                       ~~~~~~~~[0m

[96m../../crypto_bot/apps/web/lib/state/store.ts[0m:[93m3[0m:[93m24[0m - [91merror[0m[90m TS2307: [0mCannot find module 'zustand' or its corresponding type declarations.

[7m3[0m import { create } from 'zustand'
[7m [0m [91m                       ~~~~~~~~~[0m

[96m../../crypto_bot/apps/web/lib/state/store.ts[0m:[93m75[0m:[93m46[0m - [91merror[0m[90m TS7006: [0mParameter 'set' implicitly has an 'any' type.

[7m75[0m export const useAppStore = create<AppState>((set, get) => ({
[7m  [0m [91m                                             ~~~[0m

[96m../../crypto_bot/apps/web/lib/state/store.ts[0m:[93m75[0m:[93m51[0m - [91merror[0m[90m TS7006: [0mParameter 'get' implicitly has an 'any' type.

[7m75[0m export const useAppStore = create<AppState>((set, get) => ({
[7m  [0m [91m                                                  ~~~[0m

[96m../../crypto_bot/apps/web/lib/state/store.ts[0m:[93m79[0m:[93m13[0m - [91merror[0m[90m TS7006: [0mParameter 'bots' implicitly has an 'any' type.

[7m79[0m   setBots: (bots) => set({ bots }),
[7m  [0m [91m            ~~~~[0m

[96m../../crypto_bot/apps/web/lib/state/store.ts[0m:[93m80[0m:[93m12[0m - [91merror[0m[90m TS7006: [0mParameter 'bot' implicitly has an 'any' type.

[7m80[0m   addBot: (bot) => set((state) => ({ bots: [...state.bots, bot] })),
[7m  [0m [91m           ~~~[0m

[96m../../crypto_bot/apps/web/lib/state/store.ts[0m:[93m80[0m:[93m25[0m - [91merror[0m[90m TS7006: [0mParameter 'state' implicitly has an 'any' type.

[7m80[0m   addBot: (bot) => set((state) => ({ bots: [...state.bots, bot] })),
[7m  [0m [91m                        ~~~~~[0m

[96m../../crypto_bot/apps/web/lib/state/store.ts[0m:[93m81[0m:[93m15[0m - [91merror[0m[90m TS7006: [0mParameter 'id' implicitly has an 'any' type.

[7m81[0m   updateBot: (id, updates) =>
[7m  [0m [91m              ~~[0m

[96m../../crypto_bot/apps/web/lib/state/store.ts[0m:[93m81[0m:[93m19[0m - [91merror[0m[90m TS7006: [0mParameter 'updates' implicitly has an 'any' type.

[7m81[0m   updateBot: (id, updates) =>
[7m  [0m [91m                  ~~~~~~~[0m

[96m../../crypto_bot/apps/web/lib/state/store.ts[0m:[93m82[0m:[93m10[0m - [91merror[0m[90m TS7006: [0mParameter 'state' implicitly has an 'any' type.

[7m82[0m     set((state) => ({
[7m  [0m [91m         ~~~~~[0m

[96m../../crypto_bot/apps/web/lib/state/store.ts[0m:[93m83[0m:[93m29[0m - [91merror[0m[90m TS7006: [0mParameter 'bot' implicitly has an 'any' type.

[7m83[0m       bots: state.bots.map((bot) =>
[7m  [0m [91m                            ~~~[0m

[96m../../crypto_bot/apps/web/lib/state/store.ts[0m:[93m87[0m:[93m15[0m - [91merror[0m[90m TS7006: [0mParameter 'id' implicitly has an 'any' type.

[7m87[0m   deleteBot: (id) =>
[7m  [0m [91m              ~~[0m

[96m../../crypto_bot/apps/web/lib/state/store.ts[0m:[93m88[0m:[93m10[0m - [91merror[0m[90m TS7006: [0mParameter 'state' implicitly has an 'any' type.

[7m88[0m     set((state) => ({
[7m  [0m [91m         ~~~~~[0m

[96m../../crypto_bot/apps/web/lib/state/store.ts[0m:[93m89[0m:[93m32[0m - [91merror[0m[90m TS7006: [0mParameter 'bot' implicitly has an 'any' type.

[7m89[0m       bots: state.bots.filter((bot) => bot.id !== id),
[7m  [0m [91m                               ~~~[0m

[96m../../crypto_bot/apps/web/lib/state/store.ts[0m:[93m92[0m:[93m20[0m - [91merror[0m[90m TS7006: [0mParameter 'bot' implicitly has an 'any' type.

[7m92[0m   setSelectedBot: (bot) => set({ selectedBot: bot }),
[7m  [0m [91m                   ~~~[0m

[96m../../crypto_bot/apps/web/lib/state/store.ts[0m:[93m97[0m:[93m14[0m - [91merror[0m[90m TS7006: [0mParameter 'tasks' implicitly has an 'any' type.

[7m97[0m   setTasks: (tasks) => set({ tasks }),
[7m  [0m [91m             ~~~~~[0m

[96m../../crypto_bot/apps/web/lib/state/store.ts[0m:[93m98[0m:[93m13[0m - [91merror[0m[90m TS7006: [0mParameter 'task' implicitly has an 'any' type.

[7m98[0m   addTask: (task) => set((state) => ({ tasks: [...state.tasks, task] })),
[7m  [0m [91m            ~~~~[0m

[96m../../crypto_bot/apps/web/lib/state/store.ts[0m:[93m98[0m:[93m27[0m - [91merror[0m[90m TS7006: [0mParameter 'state' implicitly has an 'any' type.

[7m98[0m   addTask: (task) => set((state) => ({ tasks: [...state.tasks, task] })),
[7m  [0m [91m                          ~~~~~[0m

[96m../../crypto_bot/apps/web/lib/state/store.ts[0m:[93m99[0m:[93m16[0m - [91merror[0m[90m TS7006: [0mParameter 'id' implicitly has an 'any' type.

[7m99[0m   updateTask: (id, updates) =>
[7m  [0m [91m               ~~[0m

[96m../../crypto_bot/apps/web/lib/state/store.ts[0m:[93m99[0m:[93m20[0m - [91merror[0m[90m TS7006: [0mParameter 'updates' implicitly has an 'any' type.

[7m99[0m   updateTask: (id, updates) =>
[7m  [0m [91m                   ~~~~~~~[0m

[96m../../crypto_bot/apps/web/lib/state/store.ts[0m:[93m100[0m:[93m10[0m - [91merror[0m[90m TS7006: [0mParameter 'state' implicitly has an 'any' type.

[7m100[0m     set((state) => ({
[7m   [0m [91m         ~~~~~[0m

[96m../../crypto_bot/apps/web/lib/state/store.ts[0m:[93m101[0m:[93m31[0m - [91merror[0m[90m TS7006: [0mParameter 'task' implicitly has an 'any' type.

[7m101[0m       tasks: state.tasks.map((task) =>
[7m   [0m [91m                              ~~~~[0m

[96m../../crypto_bot/apps/web/lib/state/store.ts[0m:[93m105[0m:[93m16[0m - [91merror[0m[90m TS7006: [0mParameter 'id' implicitly has an 'any' type.

[7m105[0m   deleteTask: (id) =>
[7m   [0m [91m               ~~[0m

[96m../../crypto_bot/apps/web/lib/state/store.ts[0m:[93m106[0m:[93m10[0m - [91merror[0m[90m TS7006: [0mParameter 'state' implicitly has an 'any' type.

[7m106[0m     set((state) => ({
[7m   [0m [91m         ~~~~~[0m

[96m../../crypto_bot/apps/web/lib/state/store.ts[0m:[93m107[0m:[93m34[0m - [91merror[0m[90m TS7006: [0mParameter 'task' implicitly has an 'any' type.

[7m107[0m       tasks: state.tasks.filter((task) => task.id !== id),
[7m   [0m [91m                                 ~~~~[0m

[96m../../crypto_bot/apps/web/lib/state/store.ts[0m:[93m110[0m:[93m21[0m - [91merror[0m[90m TS7006: [0mParameter 'task' implicitly has an 'any' type.

[7m110[0m   setSelectedTask: (task) => set({ selectedTask: task }),
[7m   [0m [91m                    ~~~~[0m

[96m../../crypto_bot/apps/web/lib/state/store.ts[0m:[93m114[0m:[93m19[0m - [91merror[0m[90m TS7006: [0mParameter 'marketData' implicitly has an 'any' type.

[7m114[0m   setMarketData: (marketData) => set({ marketData }),
[7m   [0m [91m                  ~~~~~~~~~~[0m

[96m../../crypto_bot/apps/web/lib/state/store.ts[0m:[93m115[0m:[93m23[0m - [91merror[0m[90m TS7006: [0mParameter 'symbol' implicitly has an 'any' type.

[7m115[0m   updateMarketPrice: (symbol, price) =>
[7m   [0m [91m                      ~~~~~~[0m

[96m../../crypto_bot/apps/web/lib/state/store.ts[0m:[93m115[0m:[93m31[0m - [91merror[0m[90m TS7006: [0mParameter 'price' implicitly has an 'any' type.

[7m115[0m   updateMarketPrice: (symbol, price) =>
[7m   [0m [91m                              ~~~~~[0m

[96m../../crypto_bot/apps/web/lib/state/store.ts[0m:[93m116[0m:[93m10[0m - [91merror[0m[90m TS7006: [0mParameter 'state' implicitly has an 'any' type.

[7m116[0m     set((state) => ({
[7m   [0m [91m         ~~~~~[0m

[96m../../crypto_bot/apps/web/lib/state/store.ts[0m:[93m117[0m:[93m41[0m - [91merror[0m[90m TS7006: [0mParameter 'item' implicitly has an 'any' type.

[7m117[0m       marketData: state.marketData.map((item) =>
[7m   [0m [91m                                        ~~~~[0m

[96m../../crypto_bot/apps/web/lib/state/store.ts[0m:[93m125[0m:[93m16[0m - [91merror[0m[90m TS7006: [0mParameter 'loading' implicitly has an 'any' type.

[7m125[0m   setLoading: (loading) => set({ loading }),
[7m   [0m [91m               ~~~~~~~[0m

[96m../../crypto_bot/apps/web/lib/state/store.ts[0m:[93m126[0m:[93m14[0m - [91merror[0m[90m TS7006: [0mParameter 'error' implicitly has an 'any' type.

[7m126[0m   setError: (error) => set({ error }),
[7m   [0m [91m             ~~~~~[0m

[96m../../crypto_bot/apps/web/lib/state/store.ts[0m:[93m134[0m:[93m18[0m - [91merror[0m[90m TS7006: [0mParameter 'portfolio' implicitly has an 'any' type.

[7m134[0m   setPortfolio: (portfolio) => set({ portfolio }),
[7m   [0m [91m                 ~~~~~~~~~[0m

[96m../../crypto_bot/apps/web/lib/state/store.ts[0m:[93m138[0m:[93m43[0m - [91merror[0m[90m TS7006: [0mParameter 'state' implicitly has an 'any' type.

[7m138[0m export const useBots = () => useAppStore((state) => state.bots)
[7m   [0m [91m                                          ~~~~~[0m

[96m../../crypto_bot/apps/web/lib/state/store.ts[0m:[93m139[0m:[93m50[0m - [91merror[0m[90m TS7006: [0mParameter 'state' implicitly has an 'any' type.

[7m139[0m export const useSelectedBot = () => useAppStore((state) => state.selectedBot)
[7m   [0m [91m                                                 ~~~~~[0m

[96m../../crypto_bot/apps/web/lib/state/store.ts[0m:[93m140[0m:[93m44[0m - [91merror[0m[90m TS7006: [0mParameter 'state' implicitly has an 'any' type.

[7m140[0m export const useTasks = () => useAppStore((state) => state.tasks)
[7m   [0m [91m                                           ~~~~~[0m

[96m../../crypto_bot/apps/web/lib/state/store.ts[0m:[93m141[0m:[93m49[0m - [91merror[0m[90m TS7006: [0mParameter 'state' implicitly has an 'any' type.

[7m141[0m export const useMarketData = () => useAppStore((state) => state.marketData)
[7m   [0m [91m                                                ~~~~~[0m

[96m../../crypto_bot/apps/web/lib/state/store.ts[0m:[93m142[0m:[93m48[0m - [91merror[0m[90m TS7006: [0mParameter 'state' implicitly has an 'any' type.

[7m142[0m export const usePortfolio = () => useAppStore((state) => state.portfolio)
[7m   [0m [91m                                               ~~~~~[0m

[96m../../crypto_bot/apps/web/lib/state/store.ts[0m:[93m143[0m:[93m46[0m - [91merror[0m[90m TS7006: [0mParameter 'state' implicitly has an 'any' type.

[7m143[0m export const useLoading = () => useAppStore((state) => state.loading)
[7m   [0m [91m                                             ~~~~~[0m

[96m../../crypto_bot/apps/web/lib/state/store.ts[0m:[93m144[0m:[93m44[0m - [91merror[0m[90m TS7006: [0mParameter 'state' implicitly has an 'any' type.

[7m144[0m export const useError = () => useAppStore((state) => state.error)
[7m   [0m [91m                                           ~~~~~[0m

[96m../../crypto_bot/apps/web/lib/ui/radix-dialog.ts[0m:[93m2[0m:[93m19[0m - [91merror[0m[90m TS2307: [0mCannot find module 'react' or its corresponding type declarations.

[7m2[0m import React from 'react'
[7m [0m [91m                  ~~~~~~~[0m

[96m../../crypto_bot/apps/web/lib/ui/radix-dialog.ts[0m:[93m5[0m:[93m49[0m - [91merror[0m[90m TS7006: [0mParameter 'props' implicitly has an 'any' type.

[7m5[0m   const component = React.forwardRef<any, any>((props, ref) =>
[7m [0m [91m                                                ~~~~~[0m

[96m../../crypto_bot/apps/web/lib/ui/radix-dialog.ts[0m:[93m5[0m:[93m56[0m - [91merror[0m[90m TS7006: [0mParameter 'ref' implicitly has an 'any' type.

[7m5[0m   const component = React.forwardRef<any, any>((props, ref) =>
[7m [0m [91m                                                       ~~~[0m

[96m../../crypto_bot/apps/web/lib/ui/radix-select.ts[0m:[93m2[0m:[93m19[0m - [91merror[0m[90m TS2307: [0mCannot find module 'react' or its corresponding type declarations.

[7m2[0m import React from 'react'
[7m [0m [91m                  ~~~~~~~[0m

[96m../../crypto_bot/apps/web/lib/ui/radix-select.ts[0m:[93m5[0m:[93m49[0m - [91merror[0m[90m TS7006: [0mParameter 'props' implicitly has an 'any' type.

[7m5[0m   const component = React.forwardRef<any, any>((props, ref) =>
[7m [0m [91m                                                ~~~~~[0m

[96m../../crypto_bot/apps/web/lib/ui/radix-select.ts[0m:[93m5[0m:[93m56[0m - [91merror[0m[90m TS7006: [0mParameter 'ref' implicitly has an 'any' type.

[7m5[0m   const component = React.forwardRef<any, any>((props, ref) =>
[7m [0m [91m                                                       ~~~[0m

[96m../../crypto_bot/apps/web/lib/wallet/hooks.ts[0m:[93m3[0m:[93m50[0m - [91merror[0m[90m TS2307: [0mCannot find module 'react' or its corresponding type declarations.

[7m3[0m import { useCallback, useEffect, useState } from "react";
[7m [0m [91m                                                 ~~~~~~~[0m

[96m../../crypto_bot/apps/web/lib/wallet/hooks.ts[0m:[93m72[0m:[93m20[0m - [91merror[0m[90m TS7006: [0mParameter 'prev' implicitly has an 'any' type.

[7m72[0m         setWallet((prev) => ({
[7m  [0m [91m                   ~~~~[0m

[96m../../crypto_bot/apps/web/lib/wallet/hooks.ts[0m:[93m86[0m:[93m15[0m - [91merror[0m[90m TS7006: [0mParameter 'prev' implicitly has an 'any' type.

[7m86[0m     setWallet(prev => ({ ...prev, connecting: true, error: null }))
[7m  [0m [91m              ~~~~[0m

[96m../../crypto_bot/apps/web/lib/wallet/hooks.ts[0m:[93m104[0m:[93m18[0m - [91merror[0m[90m TS7006: [0mParameter 'prev' implicitly has an 'any' type.

[7m104[0m       setWallet((prev) => ({
[7m   [0m [91m                 ~~~~[0m

[96m../../crypto_bot/apps/web/lib/wallet/hooks.ts[0m:[93m179[0m:[93m18[0m - [91merror[0m[90m TS7006: [0mParameter 'prev' implicitly has an 'any' type.

[7m179[0m       setWallet((prev) => ({
[7m   [0m [91m                 ~~~~[0m

[96m../../crypto_bot/apps/web/lib/wallet/hooks.ts[0m:[93m252[0m:[93m18[0m - [91merror[0m[90m TS7006: [0mParameter 'prev' implicitly has an 'any' type.

[7m252[0m       setWallet((prev) => ({
[7m   [0m [91m                 ~~~~[0m

[96m../../crypto_bot/apps/web/lib/wallet/metamask.service.ts[0m:[93m1[0m:[93m36[0m - [91merror[0m[90m TS2307: [0mCannot find module '@metamask/detect-provider' or its corresponding type declarations.

[7m1[0m import detectEthereumProvider from '@metamask/detect-provider';
[7m [0m [91m                                   ~~~~~~~~~~~~~~~~~~~~~~~~~~~[0m

[96m../../crypto_bot/apps/web/lib/wallet/metamask.service.ts[0m:[93m2[0m:[93m24[0m - [91merror[0m[90m TS2307: [0mCannot find module 'ethers' or its corresponding type declarations.

[7m2[0m import { ethers } from 'ethers';
[7m [0m [91m                       ~~~~~~~~[0m

[96m../../crypto_bot/apps/web/lib/wallet/metamask.service.ts[0m:[93m72[0m:[93m9[0m - [91merror[0m[90m TS2322: [0mType 'string | null' is not assignable to type 'string'.
  Type 'null' is not assignable to type 'string'.

[7m72[0m         address: this.account,
[7m  [0m [91m        ~~~~~~~[0m

  [96m../../crypto_bot/apps/web/lib/wallet/metamask.service.ts[0m:[93m5[0m:[93m3[0m
    [7m5[0m   address: string;
    [7m [0m [96m  ~~~~~~~[0m
    The expected type comes from property 'address' which is declared here on type 'WalletInfo'

[96m../../crypto_bot/apps/worker/src/adapters/api.adapter.ts[0m:[93m1[0m:[93m28[0m - [91merror[0m[90m TS2307: [0mCannot find module '@nestjs/common' or its corresponding type declarations.

[7m1[0m import { Injectable } from '@nestjs/common'
[7m [0m [91m                           ~~~~~~~~~~~~~~~~[0m

[96m../../crypto_bot/apps/worker/src/adapters/shared.adapter.ts[0m:[93m1[0m:[93m28[0m - [91merror[0m[90m TS2307: [0mCannot find module '@nestjs/common' or its corresponding type declarations.

[7m1[0m import { Injectable } from '@nestjs/common'
[7m [0m [91m                           ~~~~~~~~~~~~~~~~[0m

[96m../../crypto_bot/apps/worker/src/boss.ts[0m:[93m1[0m:[93m24[0m - [91merror[0m[90m TS2307: [0mCannot find module 'pg-boss' or its corresponding type declarations.

[7m1[0m import { PgBoss } from "pg-boss";
[7m [0m [91m                       ~~~~~~~~~[0m

[96m../../crypto_bot/apps/worker/src/processors/notify.processor.ts[0m:[93m1[0m:[93m21[0m - [91merror[0m[90m TS2307: [0mCannot find module 'pg-boss' or its corresponding type declarations.

[7m1[0m import { Job } from 'pg-boss';
[7m [0m [91m                    ~~~~~~~~~[0m

[96m../../crypto_bot/apps/worker/src/processors/pnl.processor.ts[0m:[93m1[0m:[93m19[0m - [91merror[0m[90m TS2307: [0mCannot find module 'node-fetch' or its corresponding type declarations.

[7m1[0m import fetch from 'node-fetch';
[7m [0m [91m                  ~~~~~~~~~~~~[0m

[96m../../crypto_bot/apps/worker/src/processors/pnl.processor.ts[0m:[93m2[0m:[93m21[0m - [91merror[0m[90m TS2307: [0mCannot find module 'pg-boss' or its corresponding type declarations.

[7m2[0m import { Job } from 'pg-boss';
[7m [0m [91m                    ~~~~~~~~~[0m

[96m../../crypto_bot/apps/worker/src/processors/replay.processor.ts[0m:[93m1[0m:[93m30[0m - [91merror[0m[90m TS2307: [0mCannot find module '@prisma/client' or its corresponding type declarations.

[7m1[0m import { PrismaClient } from "@prisma/client";
[7m [0m [91m                             ~~~~~~~~~~~~~~~~[0m

[96m../../crypto_bot/apps/worker/src/processors/replay.processor.ts[0m:[93m2[0m:[93m24[0m - [91merror[0m[90m TS2307: [0mCannot find module 'pg-boss' or its corresponding type declarations.

[7m2[0m import { PgBoss } from "pg-boss";
[7m [0m [91m                       ~~~~~~~~~[0m

[96m../../crypto_bot/apps/worker/src/processors/start-bot.processor.ts[0m:[93m1[0m:[93m21[0m - [91merror[0m[90m TS2307: [0mCannot find module 'pg-boss' or its corresponding type declarations.

[7m1[0m import { Job } from 'pg-boss';
[7m [0m [91m                    ~~~~~~~~~[0m

[96m../../crypto_bot/apps/worker/src/processors/stop-bot.processor.ts[0m:[93m1[0m:[93m21[0m - [91merror[0m[90m TS2307: [0mCannot find module 'pg-boss' or its corresponding type declarations.

[7m1[0m import { Job } from "pg-boss";
[7m [0m [91m                    ~~~~~~~~~[0m

[96m../../crypto_bot/packages/adapters/src/binance/execution.adapter.ts[0m:[93m2[0m:[93m19[0m - [91merror[0m[90m TS2307: [0mCannot find module 'node-fetch' or its corresponding type declarations.

[7m2[0m import fetch from 'node-fetch';
[7m [0m [91m                  ~~~~~~~~~~~~[0m

[96m../../crypto_bot/packages/adapters/src/binance/market.adapter.ts[0m:[93m1[0m:[93m19[0m - [91merror[0m[90m TS2307: [0mCannot find module 'node-fetch' or its corresponding type declarations.

[7m1[0m import fetch from 'node-fetch';
[7m [0m [91m                  ~~~~~~~~~~~~[0m

[96m../../crypto_bot/packages/adapters/src/coinbase/execution.adapter.ts[0m:[93m2[0m:[93m19[0m - [91merror[0m[90m TS2307: [0mCannot find module 'node-fetch' or its corresponding type declarations.

[7m2[0m import fetch from 'node-fetch';
[7m [0m [91m                  ~~~~~~~~~~~~[0m

[96m../../crypto_bot/packages/adapters/src/coinbase/market.adapter.ts[0m:[93m1[0m:[93m19[0m - [91merror[0m[90m TS2307: [0mCannot find module 'node-fetch' or its corresponding type declarations.

[7m1[0m import fetch from "node-fetch";
[7m [0m [91m                  ~~~~~~~~~~~~[0m

[96m../../crypto_bot/packages/adapters/src/crypto.com/execution.adapter.ts[0m:[93m2[0m:[93m19[0m - [91merror[0m[90m TS2307: [0mCannot find module 'node-fetch' or its corresponding type declarations.

[7m2[0m import fetch from 'node-fetch';
[7m [0m [91m                  ~~~~~~~~~~~~[0m

[96m../../crypto_bot/packages/adapters/src/crypto.com/market.adapter.ts[0m:[93m1[0m:[93m19[0m - [91merror[0m[90m TS2307: [0mCannot find module 'node-fetch' or its corresponding type declarations.

[7m1[0m import fetch from 'node-fetch';
[7m [0m [91m                  ~~~~~~~~~~~~[0m

[96m../../crypto_bot/packages/adapters/src/paper/execution.adapter.ts[0m:[93m1[0m:[93m19[0m - [91merror[0m[90m TS2307: [0mCannot find module 'node-fetch' or its corresponding type declarations.

[7m1[0m import fetch from 'node-fetch';
[7m [0m [91m                  ~~~~~~~~~~~~[0m

[96m../../crypto_bot/packages/auth/src/decorators/auth.decorator.ts[0m:[93m1[0m:[93m40[0m - [91merror[0m[90m TS2307: [0mCannot find module '@nestjs/common' or its corresponding type declarations.

[7m1[0m import { SetMetadata, UseGuards } from '@nestjs/common';
[7m [0m [91m                                       ~~~~~~~~~~~~~~~~[0m

[96m../../crypto_bot/packages/auth/src/guards/auth.guard.ts[0m:[93m1[0m:[93m82[0m - [91merror[0m[90m TS2307: [0mCannot find module '@nestjs/common' or its corresponding type declarations.

[7m1[0m import { CanActivate, ExecutionContext, Injectable, UnauthorizedException } from '@nestjs/common';
[7m [0m [91m                                                                                 ~~~~~~~~~~~~~~~~[0m

[96m../../crypto_bot/packages/auth/src/middleware/auth.middleware.ts[0m:[93m1[0m:[93m67[0m - [91merror[0m[90m TS2307: [0mCannot find module '@nestjs/common' or its corresponding type declarations.

[7m1[0m import { Injectable, NestMiddleware, UnauthorizedException } from '@nestjs/common';
[7m [0m [91m                                                                  ~~~~~~~~~~~~~~~~[0m

[96m../../crypto_bot/packages/auth/src/middleware/auth.middleware.ts[0m:[93m2[0m:[93m49[0m - [91merror[0m[90m TS2307: [0mCannot find module 'express' or its corresponding type declarations.

[7m2[0m import { NextFunction, Request, Response } from 'express';
[7m [0m [91m                                                ~~~~~~~~~[0m

[96m../../crypto_bot/packages/auth/src/services/auth.service.ts[0m:[93m1[0m:[93m20[0m - [91merror[0m[90m TS2307: [0mCannot find module 'bcrypt' or its corresponding type declarations.

[7m1[0m import bcrypt from 'bcrypt';
[7m [0m [91m                   ~~~~~~~~[0m

[96m../../crypto_bot/packages/auth/src/services/auth.service.ts[0m:[93m2[0m:[93m17[0m - [91merror[0m[90m TS2307: [0mCannot find module 'jsonwebtoken' or its corresponding type declarations.

[7m2[0m import jwt from 'jsonwebtoken';
[7m [0m [91m                ~~~~~~~~~~~~~~[0m

[96m../../crypto_bot/packages/auth/src/services/auth.service.ts[0m:[93m3[0m:[93m20[0m - [91merror[0m[90m TS2307: [0mCannot find module 'qrcode' or its corresponding type declarations.

[7m3[0m import qrcode from 'qrcode';
[7m [0m [91m                   ~~~~~~~~[0m

[96m../../crypto_bot/packages/auth/src/services/auth.service.ts[0m:[93m4[0m:[93m23[0m - [91merror[0m[90m TS2307: [0mCannot find module 'speakeasy' or its corresponding type declarations.

[7m4[0m import speakeasy from 'speakeasy';
[7m [0m [91m                      ~~~~~~~~~~~[0m

[96m../../crypto_bot/packages/ui/src/index.ts[0m:[93m1[0m:[93m24[0m - [91merror[0m[90m TS6142: [0mModule './button' was resolved to '/home/nox/TASK/crypto_bot/packages/ui/src/button.tsx', but '--jsx' is not set.

[7m1[0m export { Button } from './button'
[7m [0m [91m                       ~~~~~~~~~~[0m

[96m../../crypto_bot/packages/ui/src/index.ts[0m:[93m2[0m:[93m34[0m - [91merror[0m[90m TS6142: [0mModule './button' was resolved to '/home/nox/TASK/crypto_bot/packages/ui/src/button.tsx', but '--jsx' is not set.

[7m2[0m export type { ButtonProps } from './button'
[7m [0m [91m                                 ~~~~~~~~~~[0m

[96m../../crypto_bot/packages/ui/src/index.ts[0m:[93m4[0m:[93m59[0m - [91merror[0m[90m TS6142: [0mModule './card' was resolved to '/home/nox/TASK/crypto_bot/packages/ui/src/card.tsx', but '--jsx' is not set.

[7m4[0m export { Card, CardContent, CardFooter, CardHeader } from './card'
[7m [0m [91m                                                          ~~~~~~~~[0m

[96m../../crypto_bot/packages/ui/src/index.ts[0m:[93m5[0m:[93m32[0m - [91merror[0m[90m TS6142: [0mModule './card' was resolved to '/home/nox/TASK/crypto_bot/packages/ui/src/card.tsx', but '--jsx' is not set.

[7m5[0m export type { CardProps } from './card'
[7m [0m [91m                               ~~~~~~~~[0m

[96m../../crypto_bot/packages/ui/src/index.ts[0m:[93m7[0m:[93m23[0m - [91merror[0m[90m TS6142: [0mModule './table' was resolved to '/home/nox/TASK/crypto_bot/packages/ui/src/table.tsx', but '--jsx' is not set.

[7m7[0m export { Table } from './table'
[7m [0m [91m                      ~~~~~~~~~[0m

[96m../../crypto_bot/packages/ui/src/index.ts[0m:[93m8[0m:[93m46[0m - [91merror[0m[90m TS6142: [0mModule './table' was resolved to '/home/nox/TASK/crypto_bot/packages/ui/src/table.tsx', but '--jsx' is not set.

[7m8[0m export type { TableColumn, TableProps } from './table'
[7m [0m [91m                                             ~~~~~~~~~[0m

[96m../../crypto_bot/packages/ui/src/index.ts[0m:[93m10[0m:[93m31[0m - [91merror[0m[90m TS6142: [0mModule './input' was resolved to '/home/nox/TASK/crypto_bot/packages/ui/src/input.tsx', but '--jsx' is not set.

[7m10[0m export { Input, Select } from './input'
[7m  [0m [91m                              ~~~~~~~~~[0m

[96m../../crypto_bot/packages/ui/src/index.ts[0m:[93m11[0m:[93m46[0m - [91merror[0m[90m TS6142: [0mModule './input' was resolved to '/home/nox/TASK/crypto_bot/packages/ui/src/input.tsx', but '--jsx' is not set.

[7m11[0m export type { InputProps, SelectProps } from './input'
[7m  [0m [91m                                             ~~~~~~~~~[0m

[96m../../crypto_bot/packages/websocket/src/providers/binance.websocket.ts[0m:[93m1[0m:[93m23[0m - [91merror[0m[90m TS2307: [0mCannot find module 'ws' or its corresponding type declarations.

[7m1[0m import WebSocket from 'ws';
[7m [0m [91m                      ~~~~[0m

[96m../../crypto_bot/packages/websocket/src/providers/coinbase.websocket.ts[0m:[93m1[0m:[93m23[0m - [91merror[0m[90m TS2307: [0mCannot find module 'ws' or its corresponding type declarations.

[7m1[0m import WebSocket from 'ws';
[7m [0m [91m                      ~~~~[0m

[96m../../crypto_bot/packages/websocket/src/providers/crypto.com.websocket.ts[0m:[93m1[0m:[93m23[0m - [91merror[0m[90m TS2307: [0mCannot find module 'ws' or its corresponding type declarations.

[7m1[0m import WebSocket from 'ws';
[7m [0m [91m                      ~~~~[0m

[96m../../crypto_bot/prisma/seed.ts[0m:[93m3[0m:[93m20[0m - [91merror[0m[90m TS2304: [0mCannot find name 'PrismaClient'.

[7m3[0m const prisma = new PrismaClient();
[7m [0m [91m                   ~~~~~~~~~~~~[0m

[96m../adapters/src/paper/execution.adapter.ts[0m:[93m1[0m:[93m19[0m - [91merror[0m[90m TS2307: [0mCannot find module 'node-fetch' or its corresponding type declarations.

[7m1[0m import fetch from 'node-fetch';
[7m [0m [91m                  ~~~~~~~~~~~~[0m

[96m../adapters/src/replay/market.adapter.ts[0m:[93m33[0m:[93m9[0m - [91merror[0m[90m TS2416: [0mProperty 'getCandles' in type 'ReplayMarketAdapter' is not assignable to the same property in base type 'MarketDataAdapter'.
  Type '(symbol: string, timeframe: string) => Promise<Tick[]>' is not assignable to type '(symbol: string, timeframe: string) => Promise<PriceTick[]>'.
    Type 'Promise<Tick[]>' is not assignable to type 'Promise<PriceTick[]>'.
      Type 'Tick[]' is not assignable to type 'PriceTick[]'.
        Type 'Tick' is not assignable to type 'PriceTick'.
          Types of property 'price' are incompatible.
            Type 'string' is not assignable to type 'number'.

[7m33[0m   async getCandles(symbol: string, timeframe: string) {
[7m  [0m [91m        ~~~~~~~~~~[0m

[96msrc/runner.ts[0m:[93m1[0m:[93m10[0m - [91merror[0m[90m TS2305: [0mModule '"@task/adapters"' has no exported member 'ReplayMarketAdapter'.

[7m1[0m import { ReplayMarketAdapter } from '@task/adapters';
[7m [0m [91m         ~~~~~~~~~~~~~~~~~~~[0m

[96msrc/runner.ts[0m:[93m12[0m:[93m34[0m - [91merror[0m[90m TS7006: [0mParameter 'price' implicitly has an 'any' type.

[7m12[0m   adapter.subscribePrice('BTC', (price) => {
[7m  [0m [91m                                 ~~~~~[0m

[96m../shared/src/schemas/index.ts[0m:[93m7[0m:[93m17[0m - [91merror[0m[90m TS2554: [0mExpected 2-3 arguments, but got 1.

[7m7[0m   riskParams: z.record(z.any()).optional()
[7m [0m [91m                ~~~~~~[0m

  [96m../../../node_modules/zod/v4/classic/schemas.d.cts[0m:[93m510[0m:[93m107[0m
    [7m510[0m export declare function record<Key extends core.$ZodRecordKey, Value extends core.SomeType>(keyType: Key, valueType: Value, params?: string | core.$ZodRecordParams): ZodRecord<Key, Value>;
    [7m   [0m [96m                                                                                                          ~~~~~~~~~~~~~~~~[0m
    An argument for 'valueType' was not provided.

[96m../shared/src/schemas/index.ts[0m:[93m14[0m:[93m15[0m - [91merror[0m[90m TS2554: [0mExpected 2-3 arguments, but got 1.

[7m14[0m     config: z.record(z.any())
[7m  [0m [91m              ~~~~~~[0m

  [96m../../../node_modules/zod/v4/classic/schemas.d.cts[0m:[93m510[0m:[93m107[0m
    [7m510[0m export declare function record<Key extends core.$ZodRecordKey, Value extends core.SomeType>(keyType: Key, valueType: Value, params?: string | core.$ZodRecordParams): ZodRecord<Key, Value>;
    [7m   [0m [96m                                                                                                          ~~~~~~~~~~~~~~~~[0m
    An argument for 'valueType' was not provided.

[96m../shared/src/schemas/index.ts[0m:[93m18[0m:[93m15[0m - [91merror[0m[90m TS2554: [0mExpected 2-3 arguments, but got 1.

[7m18[0m     config: z.record(z.any())
[7m  [0m [91m              ~~~~~~[0m

  [96m../../../node_modules/zod/v4/classic/schemas.d.cts[0m:[93m510[0m:[93m107[0m
    [7m510[0m export declare function record<Key extends core.$ZodRecordKey, Value extends core.SomeType>(keyType: Key, valueType: Value, params?: string | core.$ZodRecordParams): ZodRecord<Key, Value>;
    [7m   [0m [96m                                                                                                          ~~~~~~~~~~~~~~~~[0m
    An argument for 'valueType' was not provided.


Found 310 errors in 117 files.

Errors  Files
    28  ../../apps/api/src/orders/orders.service.spec.ts[90m:7[0m
     2  ../../apps/worker/src/processors/notify.processor.ts[90m:5[0m
     1  ../../apps/worker/src/processors/pnl.processor.ts[90m:6[0m
     1  ../../apps/worker/src/processors/start-bot.processor.ts[90m:5[0m
     1  ../../apps/worker/src/processors/stop-bot.processor.ts[90m:5[0m
     1  ../../crypto_bot/apps/api/prisma/config.ts[90m:1[0m
     1  ../../crypto_bot/apps/api/prisma/seed.ts[90m:1[0m
     1  ../../crypto_bot/apps/api/src/app.module.ts[90m:1[0m
     1  ../../crypto_bot/apps/api/src/audit/audit.module.ts[90m:1[0m
     2  ../../crypto_bot/apps/api/src/audit/audit.service.ts[90m:1[0m
     1  ../../crypto_bot/apps/api/src/auth/auth.controller.ts[90m:1[0m
     2  ../../crypto_bot/apps/api/src/auth/auth.module.ts[90m:1[0m
     3  ../../crypto_bot/apps/api/src/auth/auth.service.ts[90m:1[0m
     1  ../../crypto_bot/apps/api/src/auth/dto/login.dto.ts[90m:1[0m
     2  ../../crypto_bot/apps/api/src/auth/jwt-auth.guard.ts[90m:1[0m
     3  ../../crypto_bot/apps/api/src/backtest/backtest.controller.ts[90m:1[0m
     1  ../../crypto_bot/apps/api/src/backtest/backtest.module.ts[90m:1[0m
     1  ../../crypto_bot/apps/api/src/backtest/backtest.service.ts[90m:1[0m
     3  ../../crypto_bot/apps/api/src/backtest/reporting.service.ts[90m:8[0m
     1  ../../crypto_bot/apps/api/src/bots/bots.controller.ts[90m:1[0m
     1  ../../crypto_bot/apps/api/src/bots/bots.module.ts[90m:1[0m
    21  ../../crypto_bot/apps/api/src/bots/bots.service.ts[90m:6[0m
     1  ../../crypto_bot/apps/api/src/bots/dto/create-bot.dto.ts[90m:1[0m
     1  ../../crypto_bot/apps/api/src/bots/dto/update-bot.dto.ts[90m:1[0m
     3  ../../crypto_bot/apps/api/src/config/config.service.ts[90m:1[0m
     2  ../../crypto_bot/apps/api/src/exchanges/exchange-config.service.ts[90m:1[0m
     1  ../../crypto_bot/apps/api/src/exchanges/exchanges.controller.ts[90m:1[0m
     1  ../../crypto_bot/apps/api/src/exchanges/exchanges.module.ts[90m:1[0m
     1  ../../crypto_bot/apps/api/src/exchanges/exchanges.service.ts[90m:1[0m
     1  ../../crypto_bot/apps/api/src/exchanges/real-trading.controller.ts[90m:1[0m
     2  ../../crypto_bot/apps/api/src/exchanges/real-trading.module.ts[90m:1[0m
     1  ../../crypto_bot/apps/api/src/exchanges/real-trading.service.ts[90m:1[0m
     9  ../../crypto_bot/apps/api/src/exchanges/risk-management.service.ts[90m:1[0m
     1  ../../crypto_bot/apps/api/src/ledger/ledger.module.ts[90m:1[0m
     4  ../../crypto_bot/apps/api/src/ledger/ledger.service.ts[90m:1[0m
     1  ../../crypto_bot/apps/api/src/main.ts[90m:1[0m
     1  ../../crypto_bot/apps/api/src/market/events.service.ts[90m:1[0m
     1  ../../crypto_bot/apps/api/src/market/market.module.ts[90m:1[0m
     4  ../../crypto_bot/apps/api/src/market/market.service.ts[90m:1[0m
     2  ../../crypto_bot/apps/api/src/market/replay.controller.ts[90m:1[0m
     1  ../../crypto_bot/apps/api/src/market/replay.module.ts[90m:1[0m
     1  ../../crypto_bot/apps/api/src/market/ticks.controller.ts[90m:1[0m
     1  ../../crypto_bot/apps/api/src/orders/dto/cancel-order.dto.ts[90m:1[0m
     1  ../../crypto_bot/apps/api/src/orders/dto/create-order.dto.ts[90m:1[0m
     4  ../../crypto_bot/apps/api/src/orders/orders.controller.ts[90m:1[0m
     1  ../../crypto_bot/apps/api/src/orders/orders.module.ts[90m:1[0m
    14  ../../crypto_bot/apps/api/src/orders/orders.service.ts[90m:5[0m
     1  ../../crypto_bot/apps/api/src/pnl/pnl.controller.ts[90m:1[0m
     1  ../../crypto_bot/apps/api/src/pnl/pnl.module.ts[90m:1[0m
    15  ../../crypto_bot/apps/api/src/pnl/pnl.service.ts[90m:1[0m
     2  ../../crypto_bot/apps/api/src/pnl/realized.service.ts[90m:1[0m
     1  ../../crypto_bot/apps/api/src/portfolio/portfolio.controller.ts[90m:1[0m
     1  ../../crypto_bot/apps/api/src/portfolio/portfolio.module.ts[90m:1[0m
     1  ../../crypto_bot/apps/api/src/portfolio/portfolio.service.ts[90m:1[0m
     1  ../../crypto_bot/apps/api/src/prisma/prisma.module.ts[90m:1[0m
     4  ../../crypto_bot/apps/api/src/prisma/prisma.service.ts[90m:1[0m
     1  ../../crypto_bot/apps/api/src/strategies/dto/create-strategy.dto.ts[90m:1[0m
     1  ../../crypto_bot/apps/api/src/strategies/dto/update-strategy.dto.ts[90m:1[0m
     1  ../../crypto_bot/apps/api/src/strategies/strategies.controller.ts[90m:1[0m
     1  ../../crypto_bot/apps/api/src/strategies/strategies.module.ts[90m:1[0m
     6  ../../crypto_bot/apps/api/src/strategies/strategies.service.ts[90m:1[0m
     1  ../../crypto_bot/apps/api/src/tasks/dto/create-task-action.dto.ts[90m:1[0m
     1  ../../crypto_bot/apps/api/src/tasks/dto/create-task-trigger.dto.ts[90m:1[0m
     2  ../../crypto_bot/apps/api/src/tasks/dto/create-task.dto.ts[90m:1[0m
     1  ../../crypto_bot/apps/api/src/tasks/tasks.controller.ts[90m:1[0m
     1  ../../crypto_bot/apps/api/src/tasks/tasks.module.ts[90m:1[0m
     6  ../../crypto_bot/apps/api/src/tasks/tasks.service.ts[90m:1[0m
     1  ../../crypto_bot/apps/api/src/users/dto/create-user.dto.ts[90m:1[0m
     1  ../../crypto_bot/apps/api/src/users/users.controller.ts[90m:8[0m
     1  ../../crypto_bot/apps/api/src/users/users.module.ts[90m:1[0m
     5  ../../crypto_bot/apps/api/src/users/users.service.ts[90m:1[0m
     3  ../../crypto_bot/apps/api/src/ws/ws.gateway.ts[90m:1[0m
     1  ../../crypto_bot/apps/api/test/backtest.integration.spec.ts[90m:1[0m
     1  ../../crypto_bot/apps/api/test/backtest.spec.ts[90m:1[0m
     1  ../../crypto_bot/apps/api/test/ledger.spec.ts[90m:1[0m
     1  ../../crypto_bot/apps/api/test/pnl.spec.ts[90m:1[0m
     1  ../../crypto_bot/apps/api/test/realized.spec.ts[90m:1[0m
     1  ../../crypto_bot/apps/api/test/reporting.pct.spec.ts[90m:1[0m
     1  ../../crypto_bot/apps/api/test/reporting.spec.ts[90m:1[0m
     1  ../../crypto_bot/apps/api/vitest.config.ts[90m:1[0m
     1  ../../crypto_bot/apps/web/app/api/backtest/route.ts[90m:1[0m
     1  ../../crypto_bot/apps/web/app/api/webhooks/custom/route.ts[90m:1[0m
     1  ../../crypto_bot/apps/web/app/api/webhooks/price-alert/route.ts[90m:1[0m
     1  ../../crypto_bot/apps/web/lib/dex/uniswap.service.ts[90m:1[0m
    40  ../../crypto_bot/apps/web/lib/state/store.ts[90m:3[0m
     3  ../../crypto_bot/apps/web/lib/ui/radix-dialog.ts[90m:2[0m
     3  ../../crypto_bot/apps/web/lib/ui/radix-select.ts[90m:2[0m
     6  ../../crypto_bot/apps/web/lib/wallet/hooks.ts[90m:3[0m
     3  ../../crypto_bot/apps/web/lib/wallet/metamask.service.ts[90m:1[0m
     1  ../../crypto_bot/apps/worker/src/adapters/api.adapter.ts[90m:1[0m
     1  ../../crypto_bot/apps/worker/src/adapters/shared.adapter.ts[90m:1[0m
     1  ../../crypto_bot/apps/worker/src/boss.ts[90m:1[0m
     1  ../../crypto_bot/apps/worker/src/processors/notify.processor.ts[90m:1[0m
     2  ../../crypto_bot/apps/worker/src/processors/pnl.processor.ts[90m:1[0m
     2  ../../crypto_bot/apps/worker/src/processors/replay.processor.ts[90m:1[0m
     1  ../../crypto_bot/apps/worker/src/processors/start-bot.processor.ts[90m:1[0m
     1  ../../crypto_bot/apps/worker/src/processors/stop-bot.processor.ts[90m:1[0m
     1  ../../crypto_bot/packages/adapters/src/binance/execution.adapter.ts[90m:2[0m
     1  ../../crypto_bot/packages/adapters/src/binance/market.adapter.ts[90m:1[0m
     1  ../../crypto_bot/packages/adapters/src/coinbase/execution.adapter.ts[90m:2[0m
     1  ../../crypto_bot/packages/adapters/src/coinbase/market.adapter.ts[90m:1[0m
     1  ../../crypto_bot/packages/adapters/src/crypto.com/execution.adapter.ts[90m:2[0m
     1  ../../crypto_bot/packages/adapters/src/crypto.com/market.adapter.ts[90m:1[0m
     1  ../../crypto_bot/packages/adapters/src/paper/execution.adapter.ts[90m:1[0m
     1  ../../crypto_bot/packages/auth/src/decorators/auth.decorator.ts[90m:1[0m
     1  ../../crypto_bot/packages/auth/src/guards/auth.guard.ts[90m:1[0m
     2  ../../crypto_bot/packages/auth/src/middleware/auth.middleware.ts[90m:1[0m
     4  ../../crypto_bot/packages/auth/src/services/auth.service.ts[90m:1[0m
     8  ../../crypto_bot/packages/ui/src/index.ts[90m:1[0m
     1  ../../crypto_bot/packages/websocket/src/providers/binance.websocket.ts[90m:1[0m
     1  ../../crypto_bot/packages/websocket/src/providers/coinbase.websocket.ts[90m:1[0m
     1  ../../crypto_bot/packages/websocket/src/providers/crypto.com.websocket.ts[90m:1[0m
     1  ../../crypto_bot/prisma/seed.ts[90m:3[0m
     1  ../adapters/src/paper/execution.adapter.ts[90m:1[0m
     1  ../adapters/src/replay/market.adapter.ts[90m:33[0m
     2  src/runner.ts[90m:1[0m
     3  ../shared/src/schemas/index.ts[90m:7[0m
[41m[30m ELIFECYCLE [39m[49m [31mCommand failed with exit code 2.[39m
